Using pre-set license
Built from '2020.2/release' branch; Version is '2020.2.2f1 (068178b99f32) revision 426360'; Using compiler version '192528614'; Build Type 'Release'
OS: 'Windows 10 Education; OS build 19042.928; Version 2009; 64bit' Language: 'ko' Physical Memory: 8106 MB
BatchMode: 1, IsHumanControllingUs: 0, StartBugReporterOnCrash: 0, Is64bit: 1, IsPro: 0

 COMMAND LINE ARGUMENTS:
C:\Program Files\Unity\Hub\Editor\2020.2.2f1\Editor\Unity.exe
-adb2
-batchMode
-noUpm
-name
AssetImportWorker0
-projectPath
C:/Users/MyGame/Downloads/New Unity Project
-logFile
Logs/AssetImportWorker0.log
-srvPort
50581
Successfully changed project path to: C:/Users/MyGame/Downloads/New Unity Project
C:/Users/MyGame/Downloads/New Unity Project
Using Asset Import Pipeline V2.
Refreshing native plugins compatible for Editor in 47.64 ms, found 2 plugins.
Preloading 0 native plugins for Editor in 0.00 ms.
Initialize engine version: 2020.2.2f1 (068178b99f32)
[Subsystems] Discovering subsystems at path C:/Program Files/Unity/Hub/Editor/2020.2.2f1/Editor/Data/Resources/UnitySubsystems
[Subsystems] Discovering subsystems at path C:/Users/MyGame/Downloads/New Unity Project/Assets
GfxDevice: creating device client; threaded=0
Direct3D:
    Version:  Direct3D 11.0 [level 11.1]
    Renderer: NVIDIA GeForce GTX 1050 Ti (ID=0x1c82)
    Vendor:   
    VRAM:     4018 MB
    Driver:   27.21.14.5671
Initialize mono
Mono path[0] = 'C:/Program Files/Unity/Hub/Editor/2020.2.2f1/Editor/Data/Managed'
Mono path[1] = 'C:/Program Files/Unity/Hub/Editor/2020.2.2f1/Editor/Data/MonoBleedingEdge/lib/mono/unityjit'
Mono config path = 'C:/Program Files/Unity/Hub/Editor/2020.2.2f1/Editor/Data/MonoBleedingEdge/etc'
Using monoOptions --debugger-agent=transport=dt_socket,embedding=1,server=y,suspend=n,address=127.0.0.1:56824
Begin MonoManager ReloadAssembly
Registering precompiled unity dll's ...
Register platform support module: C:/Program Files/Unity/Hub/Editor/2020.2.2f1/Editor/Data/PlaybackEngines/WindowsStandaloneSupport/UnityEditor.WindowsStandalone.Extensions.dll
Registered in 0.002885 seconds.
Native extension for WindowsStandalone target not found
Refreshing native plugins compatible for Editor in 36.37 ms, found 2 plugins.
Preloading 0 native plugins for Editor in 0.00 ms.
Invoked RoslynAnalysisRunner static constructor.
RoslynAnalysisRunner will not be running.
RoslynAnalysisRunner has terminated.
Mono: successfully reloaded assembly
- Completed reload, in  2.178 seconds
Platform modules already initialized, skipping
Registering precompiled user dll's ...
Registered in 0.011825 seconds.
Begin MonoManager ReloadAssembly
Native extension for WindowsStandalone target not found
Refreshing native plugins compatible for Editor in 35.09 ms, found 2 plugins.
Preloading 0 native plugins for Editor in 0.00 ms.
Invoked RoslynAnalysisRunner static constructor.
RoslynAnalysisRunner will not be running.
RoslynAnalysisRunner has terminated.
Mono: successfully reloaded assembly
- Completed reload, in  1.061 seconds
Platform modules already initialized, skipping
========================================================================
Worker process is ready to serve import requests
Launched and connected shader compiler UnityShaderCompiler.exe after 0.05 seconds
Refreshing native plugins compatible for Editor in 0.43 ms, found 2 plugins.
Preloading 0 native plugins for Editor in 0.00 ms.
Unloading 1808 Unused Serialized files (Serialized files now loaded: 0)
System memory in use before: 87.9 MB.
System memory in use after: 87.8 MB.

Unloading 40 unused Assets to reduce memory usage. Loaded Objects now: 2318.
Total: 2.296000 ms (FindLiveObjects: 0.360100 ms CreateObjectMapping: 0.111800 ms MarkObjects: 1.711600 ms  DeleteObjects: 0.111000 ms)

========================================================================
Received Import Request.
  path: Assets
  artifactKey: Guid(00000000000000001000000000000000) Importer(815301076,1909f56bfc062723c751e8b465ee728b)
Start importing Assets using Guid(00000000000000001000000000000000) Importer(815301076,1909f56bfc062723c751e8b465ee728b)  -> (artifact id: '4a6e520b92ccfc61bcfa21a7bcab8468') in 0.009990 seconds
  Import took 0.013741 seconds .

========================================================================
Received Import Request.
  Time since last request: 70.872795 seconds.
  path: Assets/Anim_IDLE_00001.png
  artifactKey: Guid(93939ab3379841f42a4c8a41921ba4fa) Importer(815301076,1909f56bfc062723c751e8b465ee728b)
Start importing Assets/Anim_IDLE_00001.png using Guid(93939ab3379841f42a4c8a41921ba4fa) Importer(815301076,1909f56bfc062723c751e8b465ee728b)  -> (artifact id: '8a6e06a2ac198158f8beb4e282a48e48') in 0.116060 seconds
  Import took 0.120654 seconds .

========================================================================
Received Import Request.
  Time since last request: 0.000239 seconds.
  path: Assets/Anim_IDLE_00017.png
  artifactKey: Guid(5845f6f9329b588418ee93aea2af49bc) Importer(815301076,1909f56bfc062723c751e8b465ee728b)
Start importing Assets/Anim_IDLE_00017.png using Guid(5845f6f9329b588418ee93aea2af49bc) Importer(815301076,1909f56bfc062723c751e8b465ee728b)  -> (artifact id: '7c3cca5c059a70dd788be813b693ebf8') in 0.024831 seconds
  Import took 0.030407 seconds .

========================================================================
Received Import Request.
  Time since last request: 0.000277 seconds.
  path: Assets/Anim_IDLE_00029.png
  artifactKey: Guid(c9a901ddcfdc89e4f985552d492c75b9) Importer(815301076,1909f56bfc062723c751e8b465ee728b)
Start importing Assets/Anim_IDLE_00029.png using Guid(c9a901ddcfdc89e4f985552d492c75b9) Importer(815301076,1909f56bfc062723c751e8b465ee728b)  -> (artifact id: '85c7c2e6b70f1e0ceefa8e1ec272205d') in 0.013141 seconds
  Import took 0.016015 seconds .

========================================================================
Received Import Request.
  Time since last request: 0.000304 seconds.
  path: Assets/Anim_IDLE_00027.png
  artifactKey: Guid(a63dec8543d478e4cb1c95f59729554c) Importer(815301076,1909f56bfc062723c751e8b465ee728b)
Start importing Assets/Anim_IDLE_00027.png using Guid(a63dec8543d478e4cb1c95f59729554c) Importer(815301076,1909f56bfc062723c751e8b465ee728b)  -> (artifact id: '8587f0c471a6cd68206c049aa183780d') in 0.014697 seconds
  Import took 0.017808 seconds .

========================================================================
Received Import Request.
  Time since last request: 0.000264 seconds.
  path: Assets/Anim_IDLE_00023.png
  artifactKey: Guid(2ff46656befe7594cad2a4c443b62634) Importer(815301076,1909f56bfc062723c751e8b465ee728b)
Start importing Assets/Anim_IDLE_00023.png using Guid(2ff46656befe7594cad2a4c443b62634) Importer(815301076,1909f56bfc062723c751e8b465ee728b)  -> (artifact id: 'c7f2abaf06464639c72f5cd9f669bf7b') in 0.013161 seconds
  Import took 0.016094 seconds .

========================================================================
Received Import Request.
  Time since last request: 0.000300 seconds.
  path: Assets/Anim_IDLE_00025.png
  artifactKey: Guid(5b630cae29d093c4db068ddc5f638623) Importer(815301076,1909f56bfc062723c751e8b465ee728b)
Start importing Assets/Anim_IDLE_00025.png using Guid(5b630cae29d093c4db068ddc5f638623) Importer(815301076,1909f56bfc062723c751e8b465ee728b)  -> (artifact id: '96a0c622cdb74a288e8a36c5c0af3a02') in 0.019481 seconds
  Import took 0.022849 seconds .

========================================================================
Received Import Request.
  Time since last request: 0.000300 seconds.
  path: Assets/Anim_IDLE_00021.png
  artifactKey: Guid(c247d7fb987bd5b4d9f86c0b58e2618a) Importer(815301076,1909f56bfc062723c751e8b465ee728b)
Start importing Assets/Anim_IDLE_00021.png using Guid(c247d7fb987bd5b4d9f86c0b58e2618a) Importer(815301076,1909f56bfc062723c751e8b465ee728b)  -> (artifact id: '4239abe9c3a1191be4e4ad378e662959') in 0.013274 seconds
  Import took 0.016143 seconds .

========================================================================
Received Import Request.
  Time since last request: 0.000309 seconds.
  path: Assets/Anim_IDLE_00019.png
  artifactKey: Guid(172f5db88d7b8ff48a804e0bad67fef4) Importer(815301076,1909f56bfc062723c751e8b465ee728b)
Start importing Assets/Anim_IDLE_00019.png using Guid(172f5db88d7b8ff48a804e0bad67fef4) Importer(815301076,1909f56bfc062723c751e8b465ee728b)  -> (artifact id: 'c5b2ee43fd413170d27f418e9b2ff454') in 0.012521 seconds
  Import took 0.015433 seconds .

========================================================================
Received Import Request.
  Time since last request: 0.000284 seconds.
  path: Assets/Anim_IDLE_00015.png
  artifactKey: Guid(cb6e2a5c5bc78fc4d85ea89fb1fdb208) Importer(815301076,1909f56bfc062723c751e8b465ee728b)
Start importing Assets/Anim_IDLE_00015.png using Guid(cb6e2a5c5bc78fc4d85ea89fb1fdb208) Importer(815301076,1909f56bfc062723c751e8b465ee728b)  -> (artifact id: '6baf53a15756bfcb1e31b386c2de6f63') in 0.013704 seconds
  Import took 0.016953 seconds .

========================================================================
Received Import Request.
  Time since last request: 0.000248 seconds.
  path: Assets/Anim_IDLE_00007.png
  artifactKey: Guid(74c2114547805024a93ccf768a437ddb) Importer(815301076,1909f56bfc062723c751e8b465ee728b)
Start importing Assets/Anim_IDLE_00007.png using Guid(74c2114547805024a93ccf768a437ddb) Importer(815301076,1909f56bfc062723c751e8b465ee728b)  -> (artifact id: 'd3397ceb747d4b1c70f7d0e728ba3343') in 0.012950 seconds
  Import took 0.015869 seconds .

========================================================================
Received Import Request.
  Time since last request: 0.000980 seconds.
  path: Assets/Anim_IDLE_00013.png
  artifactKey: Guid(a8f7ca6327611f5468b41dcd51b31d9a) Importer(815301076,1909f56bfc062723c751e8b465ee728b)
Start importing Assets/Anim_IDLE_00013.png using Guid(a8f7ca6327611f5468b41dcd51b31d9a) Importer(815301076,1909f56bfc062723c751e8b465ee728b)  -> (artifact id: 'f91bcf197a46bafae90e8dfda7a550e5') in 0.020903 seconds
  Import took 0.025571 seconds .

========================================================================
Received Import Request.
  Time since last request: 0.000261 seconds.
  path: Assets/Anim_IDLE_00009.png
  artifactKey: Guid(82d1fd1f936a9c448a1fad2383a73340) Importer(815301076,1909f56bfc062723c751e8b465ee728b)
Start importing Assets/Anim_IDLE_00009.png using Guid(82d1fd1f936a9c448a1fad2383a73340) Importer(815301076,1909f56bfc062723c751e8b465ee728b)  -> (artifact id: 'd4eb9456fae4f278747b45d456b3d523') in 0.012760 seconds
  Import took 0.019299 seconds .

========================================================================
Received Import Request.
  Time since last request: 0.000461 seconds.
  path: Assets/Anim_IDLE_00011.png
  artifactKey: Guid(ad35d133569c0964e85c682be3582641) Importer(815301076,1909f56bfc062723c751e8b465ee728b)
Start importing Assets/Anim_IDLE_00011.png using Guid(ad35d133569c0964e85c682be3582641) Importer(815301076,1909f56bfc062723c751e8b465ee728b)  -> (artifact id: '8dca7f791ab7b9fc8a304986bce6e77c') in 0.014616 seconds
  Import took 0.019668 seconds .

========================================================================
Received Import Request.
  Time since last request: 0.000321 seconds.
  path: Assets/Anim_IDLE_00003.png
  artifactKey: Guid(da7405de2e5463243aedbd0b72e86bdf) Importer(815301076,1909f56bfc062723c751e8b465ee728b)
Start importing Assets/Anim_IDLE_00003.png using Guid(da7405de2e5463243aedbd0b72e86bdf) Importer(815301076,1909f56bfc062723c751e8b465ee728b)  -> (artifact id: '1e604619fc5e8dbc6f944fcf9f023a36') in 0.019223 seconds
  Import took 0.022814 seconds .

========================================================================
Received Import Request.
  Time since last request: 0.000305 seconds.
  path: Assets/Anim_IDLE_00005.png
  artifactKey: Guid(073bc816698beed4c8ba73eae705a1e5) Importer(815301076,1909f56bfc062723c751e8b465ee728b)
Start importing Assets/Anim_IDLE_00005.png using Guid(073bc816698beed4c8ba73eae705a1e5) Importer(815301076,1909f56bfc062723c751e8b465ee728b)  -> (artifact id: '8186ee41122b4c17adc86370df64412b') in 0.014823 seconds
  Import took 0.018086 seconds .

========================================================================
Received Import Request.
  Time since last request: 18.932114 seconds.
  path: Assets/Art
  artifactKey: Guid(837a75f0f42f13b4bb61003921359268) Importer(815301076,1909f56bfc062723c751e8b465ee728b)
Start importing Assets/Art using Guid(837a75f0f42f13b4bb61003921359268) Importer(815301076,1909f56bfc062723c751e8b465ee728b)  -> (artifact id: '6746ad636ee807da033d06f7f47f150e') in 0.006153 seconds
  Import took 0.011917 seconds .

========================================================================
Received Import Request.
  Time since last request: 9.984238 seconds.
  path: Packages/com.unity.2d.animation/Editor/Assets/SkinningModule/Icons/Selected/Sprite_Mode@4x.png
  artifactKey: Guid(2223b0a570b66ee42b3e0a79f0789b2a) Importer(815301076,1909f56bfc062723c751e8b465ee728b)
Start importing Packages/com.unity.2d.animation/Editor/Assets/SkinningModule/Icons/Selected/Sprite_Mode@4x.png using Guid(2223b0a570b66ee42b3e0a79f0789b2a) Importer(815301076,1909f56bfc062723c751e8b465ee728b)  -> (artifact id: '39fc6d408853c1c3fbbe13d127384733') in 0.020395 seconds
  Import took 0.024396 seconds .

========================================================================
Received Import Request.
  Time since last request: 0.000280 seconds.
  path: Packages/com.unity.2d.spriteshape/Editor/Handles/ss_playhead.png
  artifactKey: Guid(9ea72647c24be493ba6f15a9cd2a24ae) Importer(815301076,1909f56bfc062723c751e8b465ee728b)
Start importing Packages/com.unity.2d.spriteshape/Editor/Handles/ss_playhead.png using Guid(9ea72647c24be493ba6f15a9cd2a24ae) Importer(815301076,1909f56bfc062723c751e8b465ee728b)  -> (artifact id: 'f2e3194d90b9ec93031f86ea924c1939') in 0.016521 seconds
  Import took 0.023491 seconds .

========================================================================
Received Import Request.
  Time since last request: 0.000356 seconds.
  path: Packages/com.unity.2d.path/Editor/Handles/TangentBrokenPro.png
  artifactKey: Guid(3f0215e89d05b544d907d3a7d34fab63) Importer(815301076,1909f56bfc062723c751e8b465ee728b)
Start importing Packages/com.unity.2d.path/Editor/Handles/TangentBrokenPro.png using Guid(3f0215e89d05b544d907d3a7d34fab63) Importer(815301076,1909f56bfc062723c751e8b465ee728b)  -> (artifact id: 'efd947d407c1efccd30165a02334093d') in 0.015513 seconds
  Import took 0.019329 seconds .

========================================================================
Received Import Request.
  Time since last request: 0.000289 seconds.
  path: Packages/com.unity.2d.spriteshape/Editor/ObjectMenuCreation/DefaultAssets/Sprite Shapes/SpriteShapeEdge.png
  artifactKey: Guid(0ae2b74b1edd14bb18dd7b65ae916a54) Importer(815301076,1909f56bfc062723c751e8b465ee728b)
Start importing Packages/com.unity.2d.spriteshape/Editor/ObjectMenuCreation/DefaultAssets/Sprite Shapes/SpriteShapeEdge.png using Guid(0ae2b74b1edd14bb18dd7b65ae916a54) Importer(815301076,1909f56bfc062723c751e8b465ee728b)  -> (artifact id: '3eb4884b6c4413e76d7a75cdb4539360') in 0.024069 seconds
  Import took 0.027092 seconds .

========================================================================
Received Import Request.
  Time since last request: 0.000325 seconds.
  path: Packages/com.unity.2d.sprite/Editor/ObjectMenuCreation/DefaultAssets/Textures/Square.png
  artifactKey: Guid(db750325989564987a34393247d883b4) Importer(815301076,1909f56bfc062723c751e8b465ee728b)
Start importing Packages/com.unity.2d.sprite/Editor/ObjectMenuCreation/DefaultAssets/Textures/Square.png using Guid(db750325989564987a34393247d883b4) Importer(815301076,1909f56bfc062723c751e8b465ee728b)  -> (artifact id: '5bc367c556c05e0b6eb1cd5c5501654c') in 0.018094 seconds
  Import took 0.020958 seconds .

========================================================================
Received Import Request.
  Time since last request: 0.000263 seconds.
  path: Packages/com.unity.2d.spriteshape/Editor/Handles/ss_leftrange.png
  artifactKey: Guid(9417efc47083f4a1598c1966a6345cdb) Importer(815301076,1909f56bfc062723c751e8b465ee728b)
Start importing Packages/com.unity.2d.spriteshape/Editor/Handles/ss_leftrange.png using Guid(9417efc47083f4a1598c1966a6345cdb) Importer(815301076,1909f56bfc062723c751e8b465ee728b)  -> (artifact id: '2ee61f57dbd810e8470f0ed91703e418') in 0.020040 seconds
  Import took 0.023006 seconds .

========================================================================
Received Import Request.
  Time since last request: 0.000306 seconds.
  path: Packages/com.unity.2d.spriteshape/Editor/Handles/ss_rightrange.png
  artifactKey: Guid(ee5df01235032491c8b180741ea820fe) Importer(815301076,1909f56bfc062723c751e8b465ee728b)
Start importing Packages/com.unity.2d.spriteshape/Editor/Handles/ss_rightrange.png using Guid(ee5df01235032491c8b180741ea820fe) Importer(815301076,1909f56bfc062723c751e8b465ee728b)  -> (artifact id: 'ea41555bfe79ad830332730c30624e21') in 0.018109 seconds
  Import took 0.021685 seconds .

========================================================================
Received Import Request.
  Time since last request: 0.000261 seconds.
  path: Packages/com.unity.2d.path/Editor/Handles/TangentBroken.png
  artifactKey: Guid(b370d25fdf6f8914287e27c0c3dede6a) Importer(815301076,1909f56bfc062723c751e8b465ee728b)
Start importing Packages/com.unity.2d.path/Editor/Handles/TangentBroken.png using Guid(b370d25fdf6f8914287e27c0c3dede6a) Importer(815301076,1909f56bfc062723c751e8b465ee728b)  -> (artifact id: 'cc16cd003499c79bb68b688318356b70') in 0.020913 seconds
  Import took 0.024408 seconds .

========================================================================
Received Import Request.
  Time since last request: 0.000286 seconds.
  path: Packages/com.unity.2d.path/Editor/Handles/TangentContinuous.png
  artifactKey: Guid(229e750703f3e824ca71ddd16a5e36be) Importer(815301076,1909f56bfc062723c751e8b465ee728b)
Start importing Packages/com.unity.2d.path/Editor/Handles/TangentContinuous.png using Guid(229e750703f3e824ca71ddd16a5e36be) Importer(815301076,1909f56bfc062723c751e8b465ee728b)  -> (artifact id: 'bc9b4d2c981a4780a8aa86cad9344d80') in 0.012411 seconds
  Import took 0.015748 seconds .

========================================================================
Received Import Request.
  Time since last request: 0.024069 seconds.
  path: Packages/com.unity.2d.path/Editor/Handles/TangentContinuous.png
  artifactKey: Guid(229e750703f3e824ca71ddd16a5e36be) Importer(815301076,1909f56bfc062723c751e8b465ee728b)
Start importing Packages/com.unity.2d.path/Editor/Handles/TangentContinuous.png using Guid(229e750703f3e824ca71ddd16a5e36be) Importer(815301076,1909f56bfc062723c751e8b465ee728b)  -> (artifact id: 'bc9b4d2c981a4780a8aa86cad9344d80') in 0.011783 seconds
  Import took 0.016700 seconds .

========================================================================
Received Import Request.
  Time since last request: 34.616900 seconds.
  path: Packages/com.unity.2d.path/Editor/Handles/TangentContinuousPro.png
  artifactKey: Guid(8d4a2ded892e27742bb6d4d263639dff) Importer(815301076,1909f56bfc062723c751e8b465ee728b)
Start importing Packages/com.unity.2d.path/Editor/Handles/TangentContinuousPro.png using Guid(8d4a2ded892e27742bb6d4d263639dff) Importer(815301076,1909f56bfc062723c751e8b465ee728b)  -> (artifact id: '1977fd29bfe19fb4213323daf74e6c35') in 0.034251 seconds
  Import took 0.038784 seconds .

========================================================================
Received Import Request.
  Time since last request: 0.000352 seconds.
  path: Packages/com.unity.2d.path/Editor/Handles/TangentLinear.png
  artifactKey: Guid(a728d9332cba5f448a36350199dc573b) Importer(815301076,1909f56bfc062723c751e8b465ee728b)
Start importing Packages/com.unity.2d.path/Editor/Handles/TangentLinear.png using Guid(a728d9332cba5f448a36350199dc573b) Importer(815301076,1909f56bfc062723c751e8b465ee728b)  -> (artifact id: 'bdd313a11fe95b52338ff15c92c52f32') in 0.013504 seconds
  Import took 0.017771 seconds .

========================================================================
Received Import Request.
  Time since last request: 0.151766 seconds.
  path: Packages/com.unity.2d.path/Editor/Handles/TangentLinearPro.png
  artifactKey: Guid(cafc16189f045f445bad6f5eb9e13541) Importer(815301076,1909f56bfc062723c751e8b465ee728b)
Start importing Packages/com.unity.2d.path/Editor/Handles/TangentLinearPro.png using Guid(cafc16189f045f445bad6f5eb9e13541) Importer(815301076,1909f56bfc062723c751e8b465ee728b)  -> (artifact id: 'c01e6407a2f1d2382185c0e8ecae7192') in 0.024933 seconds
  Import took 0.028899 seconds .

========================================================================
Received Import Request.
  Time since last request: 0.000295 seconds.
  path: Packages/com.unity.2d.animation/Editor/Assets/SkinningModule/Icons/Light/Visibility_Hidded.png
  artifactKey: Guid(a20f7223e2252fc4d813fc92d0f3a614) Importer(815301076,1909f56bfc062723c751e8b465ee728b)
Start importing Packages/com.unity.2d.animation/Editor/Assets/SkinningModule/Icons/Light/Visibility_Hidded.png using Guid(a20f7223e2252fc4d813fc92d0f3a614) Importer(815301076,1909f56bfc062723c751e8b465ee728b)  -> (artifact id: 'dbc09346899254a7fe6a408e6bda78d3') in 0.016518 seconds
  Import took 0.019202 seconds .

========================================================================
Received Import Request.
  Time since last request: 0.239792 seconds.
  path: Packages/com.unity.2d.animation/Editor/Assets/SkinningModule/Icons/Light/Visibility_Hidded@2x.png
  artifactKey: Guid(f3940f64802892746b2ec336d3b0c5f4) Importer(815301076,1909f56bfc062723c751e8b465ee728b)
Start importing Packages/com.unity.2d.animation/Editor/Assets/SkinningModule/Icons/Light/Visibility_Hidded@2x.png using Guid(f3940f64802892746b2ec336d3b0c5f4) Importer(815301076,1909f56bfc062723c751e8b465ee728b)  -> (artifact id: '86f710c800755a03d6b38b9047e08d89') in 0.020287 seconds
  Import took 0.023770 seconds .

========================================================================
Received Import Request.
  Time since last request: 0.000284 seconds.
  path: Packages/com.unity.2d.animation/Editor/Assets/SkinningModule/Icons/Light/Visibility_Hidded@3x.png
  artifactKey: Guid(89930da27dfbbc64ba1f3baf0ae416bb) Importer(815301076,1909f56bfc062723c751e8b465ee728b)
Start importing Packages/com.unity.2d.animation/Editor/Assets/SkinningModule/Icons/Light/Visibility_Hidded@3x.png using Guid(89930da27dfbbc64ba1f3baf0ae416bb) Importer(815301076,1909f56bfc062723c751e8b465ee728b)  -> (artifact id: 'ffdda69f82c36fc917d25deb79b50baf') in 0.015748 seconds
  Import took 0.018520 seconds .

========================================================================
Received Import Request.
  Time since last request: 0.052021 seconds.
  path: Packages/com.unity.2d.animation/Editor/Assets/SkinningModule/Icons/Light/Visibility_Hidded@4x.png
  artifactKey: Guid(f469f8253737d534ca7809ae6f0d2422) Importer(815301076,1909f56bfc062723c751e8b465ee728b)
Start importing Packages/com.unity.2d.animation/Editor/Assets/SkinningModule/Icons/Light/Visibility_Hidded@4x.png using Guid(f469f8253737d534ca7809ae6f0d2422) Importer(815301076,1909f56bfc062723c751e8b465ee728b)  -> (artifact id: '1c07742e7c0ce1b6c189bb8a7e32d06e') in 0.015194 seconds
  Import took 0.018457 seconds .

========================================================================
Received Import Request.
  Time since last request: 0.000243 seconds.
  path: Packages/com.unity.2d.animation/Editor/Assets/SkinningModule/Icons/Selected/Visibility_Tool.png
  artifactKey: Guid(7342ee656932e31489ea62e64e012645) Importer(815301076,1909f56bfc062723c751e8b465ee728b)
Start importing Packages/com.unity.2d.animation/Editor/Assets/SkinningModule/Icons/Selected/Visibility_Tool.png using Guid(7342ee656932e31489ea62e64e012645) Importer(815301076,1909f56bfc062723c751e8b465ee728b)  -> (artifact id: 'a01716576e13d17d6107d0034444885d') in 0.018260 seconds
  Import took 0.021080 seconds .

========================================================================
Received Import Request.
  Time since last request: 0.167585 seconds.
  path: Packages/com.unity.2d.animation/Editor/Assets/SkinningModule/Icons/Light/Visibility_Tool.png
  artifactKey: Guid(1e7c59239d2a59140b34f39ea6d4d44c) Importer(815301076,1909f56bfc062723c751e8b465ee728b)
Start importing Packages/com.unity.2d.animation/Editor/Assets/SkinningModule/Icons/Light/Visibility_Tool.png using Guid(1e7c59239d2a59140b34f39ea6d4d44c) Importer(815301076,1909f56bfc062723c751e8b465ee728b)  -> (artifact id: '0c99dc8371664c10707446a320905051') in 0.023962 seconds
  Import took 0.028304 seconds .

========================================================================
Received Import Request.
  Time since last request: 0.000357 seconds.
  path: Packages/com.unity.2d.animation/Editor/Assets/SkinningModule/Icons/Selected/Visibility_Tool@2x.png
  artifactKey: Guid(ef9977ed07c438845a52c577f4ffcc3a) Importer(815301076,1909f56bfc062723c751e8b465ee728b)
Start importing Packages/com.unity.2d.animation/Editor/Assets/SkinningModule/Icons/Selected/Visibility_Tool@2x.png using Guid(ef9977ed07c438845a52c577f4ffcc3a) Importer(815301076,1909f56bfc062723c751e8b465ee728b)  -> (artifact id: 'f3dfaefebfa06c133bb2bf832d711cb8') in 0.021116 seconds
  Import took 0.024133 seconds .

========================================================================
Received Import Request.
  Time since last request: 0.026134 seconds.
  path: Packages/com.unity.2d.animation/Editor/Assets/SkinningModule/Icons/Light/Visibility_Tool@2x.png
  artifactKey: Guid(45c995b76b893fd4b9e8d3e0f9f6463b) Importer(815301076,1909f56bfc062723c751e8b465ee728b)
Start importing Packages/com.unity.2d.animation/Editor/Assets/SkinningModule/Icons/Light/Visibility_Tool@2x.png using Guid(45c995b76b893fd4b9e8d3e0f9f6463b) Importer(815301076,1909f56bfc062723c751e8b465ee728b)  -> (artifact id: '16e63b3bd19aa2607402ad62bd6099a5') in 0.010478 seconds
  Import took 0.013769 seconds .

========================================================================
Received Import Request.
  Time since last request: 0.000302 seconds.
  path: Packages/com.unity.2d.animation/Editor/Assets/SkinningModule/Icons/Light/Visibility_Tool@3x.png
  artifactKey: Guid(ec23e33668eecff4aaec16f735dcc204) Importer(815301076,1909f56bfc062723c751e8b465ee728b)
Start importing Packages/com.unity.2d.animation/Editor/Assets/SkinningModule/Icons/Light/Visibility_Tool@3x.png using Guid(ec23e33668eecff4aaec16f735dcc204) Importer(815301076,1909f56bfc062723c751e8b465ee728b)  -> (artifact id: '972bca3d72cb2fc294e68cb6de9a8e7e') in 0.013607 seconds
  Import took 0.017189 seconds .

========================================================================
Received Import Request.
  Time since last request: 0.314752 seconds.
  path: Packages/com.unity.2d.animation/Editor/Assets/SkinningModule/Icons/Selected/Visibility_Tool@3x.png
  artifactKey: Guid(8004118ba4145a74e823fedaa37acf3a) Importer(815301076,1909f56bfc062723c751e8b465ee728b)
Start importing Packages/com.unity.2d.animation/Editor/Assets/SkinningModule/Icons/Selected/Visibility_Tool@3x.png using Guid(8004118ba4145a74e823fedaa37acf3a) Importer(815301076,1909f56bfc062723c751e8b465ee728b)  -> (artifact id: '602dc2209ca32c4043f0abe9bb1aa233') in 0.013080 seconds
  Import took 0.015966 seconds .

========================================================================
Received Import Request.
  Time since last request: 0.000294 seconds.
  path: Packages/com.unity.2d.animation/Editor/Assets/SkinningModule/Icons/Selected/Visibility_Tool@4x.png
  artifactKey: Guid(f082e69f825d0aa44b687e592731c0a8) Importer(815301076,1909f56bfc062723c751e8b465ee728b)
Start importing Packages/com.unity.2d.animation/Editor/Assets/SkinningModule/Icons/Selected/Visibility_Tool@4x.png using Guid(f082e69f825d0aa44b687e592731c0a8) Importer(815301076,1909f56bfc062723c751e8b465ee728b)  -> (artifact id: 'f80d2fa925b740f65a401f6e1858b1cb') in 0.012163 seconds
  Import took 0.014831 seconds .

========================================================================
Received Import Request.
  Time since last request: 0.010521 seconds.
  path: Packages/com.unity.2d.animation/Editor/Assets/SkinningModule/Icons/Light/Visibility_Tool@4x.png
  artifactKey: Guid(216c53aef79eaaf40a1800cc5e542dc3) Importer(815301076,1909f56bfc062723c751e8b465ee728b)
Start importing Packages/com.unity.2d.animation/Editor/Assets/SkinningModule/Icons/Light/Visibility_Tool@4x.png using Guid(216c53aef79eaaf40a1800cc5e542dc3) Importer(815301076,1909f56bfc062723c751e8b465ee728b)  -> (artifact id: '9e59455298c5e03eb58a8d64b89c1d7a') in 0.014081 seconds
  Import took 0.019547 seconds .

========================================================================
Received Import Request.
  Time since last request: 0.000286 seconds.
  path: Packages/com.unity.2d.animation/Editor/Assets/SkinningModule/Icons/Selected/Weight_Brush.png
  artifactKey: Guid(bf734b7184825b040837040cb93a8dc7) Importer(815301076,1909f56bfc062723c751e8b465ee728b)
Start importing Packages/com.unity.2d.animation/Editor/Assets/SkinningModule/Icons/Selected/Weight_Brush.png using Guid(bf734b7184825b040837040cb93a8dc7) Importer(815301076,1909f56bfc062723c751e8b465ee728b)  -> (artifact id: 'd2aa3e73ec259a26ef7676140bdac6d8') in 0.012669 seconds
  Import took 0.015395 seconds .

========================================================================
Received Import Request.
  Time since last request: 0.034340 seconds.
  path: Packages/com.unity.2d.animation/Editor/Assets/SkinningModule/Icons/Light/Weight_Brush.png
  artifactKey: Guid(9d026c034cfd40746a436496efe2dd7f) Importer(815301076,1909f56bfc062723c751e8b465ee728b)
Start importing Packages/com.unity.2d.animation/Editor/Assets/SkinningModule/Icons/Light/Weight_Brush.png using Guid(9d026c034cfd40746a436496efe2dd7f) Importer(815301076,1909f56bfc062723c751e8b465ee728b)  -> (artifact id: '2cda453da91275c99470b2bdc7ed2e09') in 0.011152 seconds
  Import took 0.016803 seconds .

========================================================================
Received Import Request.
  Time since last request: 0.000265 seconds.
  path: Packages/com.unity.2d.animation/Editor/Assets/SkinningModule/Icons/Light/Weight_Brush@2x.png
  artifactKey: Guid(17d3bf7425a0748489ce3633e38652db) Importer(815301076,1909f56bfc062723c751e8b465ee728b)
Start importing Packages/com.unity.2d.animation/Editor/Assets/SkinningModule/Icons/Light/Weight_Brush@2x.png using Guid(17d3bf7425a0748489ce3633e38652db) Importer(815301076,1909f56bfc062723c751e8b465ee728b)  -> (artifact id: '052126ef581f93b16133a57afeeefcbc') in 0.014450 seconds
  Import took 0.017691 seconds .

========================================================================
Received Import Request.
  Time since last request: 0.571754 seconds.
  path: Packages/com.unity.2d.animation/Editor/Assets/SkinningModule/Icons/Selected/Sprite_Mode@3x.png
  artifactKey: Guid(ea833d779996e3244b3b567764be9cf0) Importer(815301076,1909f56bfc062723c751e8b465ee728b)
Start importing Packages/com.unity.2d.animation/Editor/Assets/SkinningModule/Icons/Selected/Sprite_Mode@3x.png using Guid(ea833d779996e3244b3b567764be9cf0) Importer(815301076,1909f56bfc062723c751e8b465ee728b)  -> (artifact id: '914fae57b4178ca7c048b29ff84549d4') in 0.014563 seconds
  Import took 0.018668 seconds .

========================================================================
Received Import Request.
  Time since last request: 0.000877 seconds.
  path: Packages/com.unity.2d.animation/Editor/Assets/SkinningModule/Icons/Light/Sprite_Mode@4x.png
  artifactKey: Guid(554a30a45860f494ca38586c54b7e5d9) Importer(815301076,1909f56bfc062723c751e8b465ee728b)
Start importing Packages/com.unity.2d.animation/Editor/Assets/SkinningModule/Icons/Light/Sprite_Mode@4x.png using Guid(554a30a45860f494ca38586c54b7e5d9) Importer(815301076,1909f56bfc062723c751e8b465ee728b)  -> (artifact id: '7ef881b401140af2c3e3e6d82abb2e3d') in 0.015407 seconds
  Import took 0.019995 seconds .

========================================================================
Received Import Request.
  Time since last request: 0.000363 seconds.
  path: Packages/com.unity.2d.animation/Editor/Assets/SkinningModule/Icons/Light/Sprite_Mode@3x.png
  artifactKey: Guid(71d8b2e508f1d9947ba51013600a5eac) Importer(815301076,1909f56bfc062723c751e8b465ee728b)
Start importing Packages/com.unity.2d.animation/Editor/Assets/SkinningModule/Icons/Light/Sprite_Mode@3x.png using Guid(71d8b2e508f1d9947ba51013600a5eac) Importer(815301076,1909f56bfc062723c751e8b465ee728b)  -> (artifact id: '3f97afc5108608cc532efdc370e5751b') in 0.014209 seconds
  Import took 0.017291 seconds .

========================================================================
Received Import Request.
  Time since last request: 0.000299 seconds.
  path: Packages/com.unity.2d.animation/Editor/Assets/SkinningModule/Icons/Selected/Sprite_Mode@2x.png
  artifactKey: Guid(ff2aa9ebc8aee604caa5f8459ac4ae43) Importer(815301076,1909f56bfc062723c751e8b465ee728b)
Start importing Packages/com.unity.2d.animation/Editor/Assets/SkinningModule/Icons/Selected/Sprite_Mode@2x.png using Guid(ff2aa9ebc8aee604caa5f8459ac4ae43) Importer(815301076,1909f56bfc062723c751e8b465ee728b)  -> (artifact id: 'e9672da01677f404c794d9a240d59173') in 0.014213 seconds
  Import took 0.018561 seconds .

========================================================================
Received Import Request.
  Time since last request: 0.000380 seconds.
  path: Packages/com.unity.2d.animation/Editor/Assets/SkinningModule/Icons/Light/Sprite_Mode@2x.png
  artifactKey: Guid(cfe99a1afb609b4488d6fc9224a62f74) Importer(815301076,1909f56bfc062723c751e8b465ee728b)
Start importing Packages/com.unity.2d.animation/Editor/Assets/SkinningModule/Icons/Light/Sprite_Mode@2x.png using Guid(cfe99a1afb609b4488d6fc9224a62f74) Importer(815301076,1909f56bfc062723c751e8b465ee728b)  -> (artifact id: '6a09955a4e8d7023050383824da39a23') in 0.018649 seconds
  Import took 0.022036 seconds .

========================================================================
Received Import Request.
  Time since last request: 0.000304 seconds.
  path: Packages/com.unity.2d.animation/Editor/Assets/SkinningModule/Icons/Light/Sprite_Mode.png
  artifactKey: Guid(2ad84ec7182471b4d8c44de568e22df4) Importer(815301076,1909f56bfc062723c751e8b465ee728b)
Start importing Packages/com.unity.2d.animation/Editor/Assets/SkinningModule/Icons/Light/Sprite_Mode.png using Guid(2ad84ec7182471b4d8c44de568e22df4) Importer(815301076,1909f56bfc062723c751e8b465ee728b)  -> (artifact id: 'ce2ba3e29e04503085b083bce2395ed0') in 0.013806 seconds
  Import took 0.016779 seconds .

========================================================================
Received Import Request.
  Time since last request: 0.000282 seconds.
  path: Packages/com.unity.2d.animation/Editor/Assets/SkinningModule/Icons/Selected/Sprite_Mode.png
  artifactKey: Guid(ca778bc7303b24948abf3e907abbf2a0) Importer(815301076,1909f56bfc062723c751e8b465ee728b)
Start importing Packages/com.unity.2d.animation/Editor/Assets/SkinningModule/Icons/Selected/Sprite_Mode.png using Guid(ca778bc7303b24948abf3e907abbf2a0) Importer(815301076,1909f56bfc062723c751e8b465ee728b)  -> (artifact id: 'c9e8bf42b78d78a0be8eacff13611316') in 0.017710 seconds
  Import took 0.021038 seconds .

========================================================================
Received Import Request.
  Time since last request: 0.000330 seconds.
  path: Packages/com.unity.2d.spriteshape/Editor/ObjectMenuCreation/DefaultAssets/Textures/Sprite Shape Fill.png
  artifactKey: Guid(b281b91a70a624a0da1c43adc1c30c7b) Importer(815301076,1909f56bfc062723c751e8b465ee728b)
Start importing Packages/com.unity.2d.spriteshape/Editor/ObjectMenuCreation/DefaultAssets/Textures/Sprite Shape Fill.png using Guid(b281b91a70a624a0da1c43adc1c30c7b) Importer(815301076,1909f56bfc062723c751e8b465ee728b)  -> (artifact id: 'c83f5d8e8e40b986dbe7ced3fea3655a') in 0.017166 seconds
  Import took 0.020277 seconds .

========================================================================
Received Import Request.
  Time since last request: 0.192730 seconds.
  path: Packages/com.unity.2d.animation/Editor/Assets/SkinningModule/Icons/Light/Split_Edge@4x.png
  artifactKey: Guid(21d43e7114c758c49886cb9fc604dd66) Importer(815301076,1909f56bfc062723c751e8b465ee728b)
Start importing Packages/com.unity.2d.animation/Editor/Assets/SkinningModule/Icons/Light/Split_Edge@4x.png using Guid(21d43e7114c758c49886cb9fc604dd66) Importer(815301076,1909f56bfc062723c751e8b465ee728b)  -> (artifact id: '05b4dc351747ca14f22e321d8a2be76f') in 0.020524 seconds
  Import took 0.024542 seconds .

========================================================================
Received Import Request.
  Time since last request: 0.000322 seconds.
  path: Packages/com.unity.2d.spriteshape/Editor/ObjectMenuCreation/DefaultAssets/Textures/Sprite Shape Corner.png
  artifactKey: Guid(608e61deb05c54660bebf5a4dd2ee02d) Importer(815301076,1909f56bfc062723c751e8b465ee728b)
Start importing Packages/com.unity.2d.spriteshape/Editor/ObjectMenuCreation/DefaultAssets/Textures/Sprite Shape Corner.png using Guid(608e61deb05c54660bebf5a4dd2ee02d) Importer(815301076,1909f56bfc062723c751e8b465ee728b)  -> (artifact id: '03a0361d4fed6c27fdfb98c5d8e753f8') in 0.015014 seconds
  Import took 0.017948 seconds .

========================================================================
Received Import Request.
  Time since last request: 0.000350 seconds.
  path: Packages/com.unity.2d.animation/Editor/Assets/SkinningModule/Icons/Selected/Split_Edge@3x.png
  artifactKey: Guid(7764b2bf79a49894e8ea10f3d661a4ed) Importer(815301076,1909f56bfc062723c751e8b465ee728b)
Start importing Packages/com.unity.2d.animation/Editor/Assets/SkinningModule/Icons/Selected/Split_Edge@3x.png using Guid(7764b2bf79a49894e8ea10f3d661a4ed) Importer(815301076,1909f56bfc062723c751e8b465ee728b)  -> (artifact id: '38c34d444554e931fc70564347e9f1f4') in 0.016415 seconds
  Import took 0.022618 seconds .

========================================================================
Received Import Request.
  Time since last request: 0.000360 seconds.
  path: Packages/com.unity.2d.animation/Editor/Assets/SkinningModule/Icons/Selected/Split_Edge@4x.png
  artifactKey: Guid(8272ea7c59da847458432e7c88bf7766) Importer(815301076,1909f56bfc062723c751e8b465ee728b)
Start importing Packages/com.unity.2d.animation/Editor/Assets/SkinningModule/Icons/Selected/Split_Edge@4x.png using Guid(8272ea7c59da847458432e7c88bf7766) Importer(815301076,1909f56bfc062723c751e8b465ee728b)  -> (artifact id: '9a93f8072a86f15569b7134375d4fa6f') in 0.013472 seconds
  Import took 0.016477 seconds .

========================================================================
Received Import Request.
  Time since last request: 0.000336 seconds.
  path: Packages/com.unity.2d.animation/Editor/Assets/SkinningModule/Icons/Light/Split_Edge@3x.png
  artifactKey: Guid(4d2d8fb4fc2041441980b4ec253532b0) Importer(815301076,1909f56bfc062723c751e8b465ee728b)
Start importing Packages/com.unity.2d.animation/Editor/Assets/SkinningModule/Icons/Light/Split_Edge@3x.png using Guid(4d2d8fb4fc2041441980b4ec253532b0) Importer(815301076,1909f56bfc062723c751e8b465ee728b)  -> (artifact id: 'f5758d1056dc53ecee15456ea789f33d') in 0.019549 seconds
  Import took 0.022715 seconds .

========================================================================
Received Import Request.
  Time since last request: 0.000340 seconds.
  path: Packages/com.unity.2d.animation/Editor/Assets/SkinningModule/Icons/Light/Split_Edge@2x.png
  artifactKey: Guid(3c84cd9c7ddd51c4b959d02c41aced07) Importer(815301076,1909f56bfc062723c751e8b465ee728b)
Start importing Packages/com.unity.2d.animation/Editor/Assets/SkinningModule/Icons/Light/Split_Edge@2x.png using Guid(3c84cd9c7ddd51c4b959d02c41aced07) Importer(815301076,1909f56bfc062723c751e8b465ee728b)  -> (artifact id: '96d60cc40df6c24d0a23571734f48dda') in 0.012224 seconds
  Import took 0.015777 seconds .

========================================================================
Received Import Request.
  Time since last request: 0.000605 seconds.
  path: Packages/com.unity.2d.animation/Editor/Assets/SkinningModule/Icons/Selected/Split_Edge@2x.png
  artifactKey: Guid(2f12c9758dad4e34ea8bc886f1fdb0dd) Importer(815301076,1909f56bfc062723c751e8b465ee728b)
Start importing Packages/com.unity.2d.animation/Editor/Assets/SkinningModule/Icons/Selected/Split_Edge@2x.png using Guid(2f12c9758dad4e34ea8bc886f1fdb0dd) Importer(815301076,1909f56bfc062723c751e8b465ee728b)  -> (artifact id: '6cc31947c25aad90eadcb1a6a1c9cbac') in 0.011181 seconds
  Import took 0.014218 seconds .

========================================================================
Received Import Request.
  Time since last request: 0.000307 seconds.
  path: Packages/com.unity.2d.animation/Editor/Assets/SkinningModule/Icons/Selected/Split_Edge.png
  artifactKey: Guid(8800032f7e7cdd544b74849c80ce05d4) Importer(815301076,1909f56bfc062723c751e8b465ee728b)
Start importing Packages/com.unity.2d.animation/Editor/Assets/SkinningModule/Icons/Selected/Split_Edge.png using Guid(8800032f7e7cdd544b74849c80ce05d4) Importer(815301076,1909f56bfc062723c751e8b465ee728b)  -> (artifact id: 'ef574628bec2e0a764299e7571c4c682') in 0.016287 seconds
  Import took 0.019527 seconds .

========================================================================
Received Import Request.
  Time since last request: 0.489833 seconds.
  path: Packages/com.unity.2d.animation/Editor/Assets/SkinningModule/Icons/Selected/Split Bones@4x.png
  artifactKey: Guid(518ded92e5dbf494e8f76a74d752272e) Importer(815301076,1909f56bfc062723c751e8b465ee728b)
Start importing Packages/com.unity.2d.animation/Editor/Assets/SkinningModule/Icons/Selected/Split Bones@4x.png using Guid(518ded92e5dbf494e8f76a74d752272e) Importer(815301076,1909f56bfc062723c751e8b465ee728b)  -> (artifact id: 'ad08d2619568ce383a8e2558cffaee38') in 0.021464 seconds
  Import took 0.025374 seconds .

========================================================================
Received Import Request.
  Time since last request: 0.000313 seconds.
  path: Packages/com.unity.2d.animation/Editor/Assets/SkinningModule/Icons/Light/Split_Edge.png
  artifactKey: Guid(900065f34a33d2e478bf93a0191f68de) Importer(815301076,1909f56bfc062723c751e8b465ee728b)
Start importing Packages/com.unity.2d.animation/Editor/Assets/SkinningModule/Icons/Light/Split_Edge.png using Guid(900065f34a33d2e478bf93a0191f68de) Importer(815301076,1909f56bfc062723c751e8b465ee728b)  -> (artifact id: '5e9cef6e1f5bd87c957ff47246fbf880') in 0.015925 seconds
  Import took 0.018739 seconds .

========================================================================
Received Import Request.
  Time since last request: 0.000300 seconds.
  path: Packages/com.unity.2d.animation/Editor/Assets/SkinningModule/Icons/Light/Split Bones@4x.png
  artifactKey: Guid(e530623cd53f3ea46ac09b786f0c49ef) Importer(815301076,1909f56bfc062723c751e8b465ee728b)
Start importing Packages/com.unity.2d.animation/Editor/Assets/SkinningModule/Icons/Light/Split Bones@4x.png using Guid(e530623cd53f3ea46ac09b786f0c49ef) Importer(815301076,1909f56bfc062723c751e8b465ee728b)  -> (artifact id: '999446183cdc67608f10bf1fd7ce4af5') in 0.014806 seconds
  Import took 0.017865 seconds .

========================================================================
Received Import Request.
  Time since last request: 0.000324 seconds.
  path: Packages/com.unity.2d.animation/Editor/Assets/SkinningModule/Icons/Light/Split Bones@3x.png
  artifactKey: Guid(6b35476d10ed5614a949de8f7c45b534) Importer(815301076,1909f56bfc062723c751e8b465ee728b)
Start importing Packages/com.unity.2d.animation/Editor/Assets/SkinningModule/Icons/Light/Split Bones@3x.png using Guid(6b35476d10ed5614a949de8f7c45b534) Importer(815301076,1909f56bfc062723c751e8b465ee728b)  -> (artifact id: '369e29140f69e50b40090940ee9708e3') in 0.016144 seconds
  Import took 0.020278 seconds .

========================================================================
Received Import Request.
  Time since last request: 0.000298 seconds.
  path: Packages/com.unity.2d.animation/Editor/Assets/SkinningModule/Icons/Selected/Split Bones@3x.png
  artifactKey: Guid(29f90cd6202745c448e74a1398b1c731) Importer(815301076,1909f56bfc062723c751e8b465ee728b)
Start importing Packages/com.unity.2d.animation/Editor/Assets/SkinningModule/Icons/Selected/Split Bones@3x.png using Guid(29f90cd6202745c448e74a1398b1c731) Importer(815301076,1909f56bfc062723c751e8b465ee728b)  -> (artifact id: '02bd2bdc8537eebaaf88bd4eb230ff58') in 0.014311 seconds
  Import took 0.017143 seconds .

========================================================================
Received Import Request.
  Time since last request: 0.000332 seconds.
  path: Packages/com.unity.2d.animation/Editor/Assets/SkinningModule/Icons/Light/Split Bones@2x.png
  artifactKey: Guid(180eeff5b9e615349907ea53344202fa) Importer(815301076,1909f56bfc062723c751e8b465ee728b)
Start importing Packages/com.unity.2d.animation/Editor/Assets/SkinningModule/Icons/Light/Split Bones@2x.png using Guid(180eeff5b9e615349907ea53344202fa) Importer(815301076,1909f56bfc062723c751e8b465ee728b)  -> (artifact id: '41574a450269fc81da0b3a52b0c8651c') in 0.013415 seconds
  Import took 0.016963 seconds .

========================================================================
Received Import Request.
  Time since last request: 2.176538 seconds.
  path: Packages/com.unity.2d.sprite/Editor/ObjectMenuCreation/DefaultAssets/Textures/9-Sliced.png
  artifactKey: Guid(cc35afd292fc349128b36a291fb3a165) Importer(815301076,1909f56bfc062723c751e8b465ee728b)
Start importing Packages/com.unity.2d.sprite/Editor/ObjectMenuCreation/DefaultAssets/Textures/9-Sliced.png using Guid(cc35afd292fc349128b36a291fb3a165) Importer(815301076,1909f56bfc062723c751e8b465ee728b)  -> (artifact id: '64069edb0d1ab2f71bb11881e01b8f5d') in 0.019358 seconds
  Import took 0.022382 seconds .

========================================================================
Received Import Request.
  Time since last request: 0.000293 seconds.
  path: Assets/Art/Player_Idle/Anim_IDLE_00007.png
  artifactKey: Guid(1c6e928443f7d6e47990c773a50f384c) Importer(815301076,1909f56bfc062723c751e8b465ee728b)
Start importing Assets/Art/Player_Idle/Anim_IDLE_00007.png using Guid(1c6e928443f7d6e47990c773a50f384c) Importer(815301076,1909f56bfc062723c751e8b465ee728b)  -> (artifact id: 'aeda9ee8807be5bb55da6a171c0a797a') in 0.011927 seconds
  Import took 0.014782 seconds .

========================================================================
Received Import Request.
  Time since last request: 0.000304 seconds.
  path: Assets/Art/Player_Idle/Anim_IDLE_00003.png
  artifactKey: Guid(3d48cf224afed20489d15912237f1bb5) Importer(815301076,1909f56bfc062723c751e8b465ee728b)
Start importing Assets/Art/Player_Idle/Anim_IDLE_00003.png using Guid(3d48cf224afed20489d15912237f1bb5) Importer(815301076,1909f56bfc062723c751e8b465ee728b)  -> (artifact id: '69588bcaca4c45c35ad40b3adb78bb91') in 0.019925 seconds
  Import took 0.022931 seconds .

========================================================================
Received Import Request.
  Time since last request: 0.000288 seconds.
  path: Assets/Art/Player_Idle/Anim_IDLE_00001.png
  artifactKey: Guid(34778a0fd5c8b0c46ba91b4eda9610a9) Importer(815301076,1909f56bfc062723c751e8b465ee728b)
Start importing Assets/Art/Player_Idle/Anim_IDLE_00001.png using Guid(34778a0fd5c8b0c46ba91b4eda9610a9) Importer(815301076,1909f56bfc062723c751e8b465ee728b)  -> (artifact id: 'a8bd2be0f452a92d25f0dea6c1b337c2') in 0.012068 seconds
  Import took 0.016396 seconds .

========================================================================
Received Import Request.
  Time since last request: 0.000497 seconds.
  path: Assets/Art/Player_Idle/Anim_IDLE_00003.png
  artifactKey: Guid(3d48cf224afed20489d15912237f1bb5) Importer(815301076,1909f56bfc062723c751e8b465ee728b)
Start importing Assets/Art/Player_Idle/Anim_IDLE_00003.png using Guid(3d48cf224afed20489d15912237f1bb5) Importer(815301076,1909f56bfc062723c751e8b465ee728b)  -> (artifact id: '69588bcaca4c45c35ad40b3adb78bb91') in 0.013909 seconds
  Import took 0.019999 seconds .

========================================================================
Received Import Request.
  Time since last request: 0.000339 seconds.
  path: Assets/Art/Player_Idle/Anim_IDLE_00005.png
  artifactKey: Guid(f62bd768f823a4649a630d92dc810363) Importer(815301076,1909f56bfc062723c751e8b465ee728b)
Start importing Assets/Art/Player_Idle/Anim_IDLE_00005.png using Guid(f62bd768f823a4649a630d92dc810363) Importer(815301076,1909f56bfc062723c751e8b465ee728b)  -> (artifact id: '0d90bb9a865357d868426f2cdebc01ef') in 0.012450 seconds
  Import took 0.015600 seconds .

========================================================================
Received Import Request.
  Time since last request: 58.571067 seconds.
  path: Assets/Art/Player_Idle
  artifactKey: Guid(06995883c81a7e943997e91e12e8b07e) Importer(815301076,1909f56bfc062723c751e8b465ee728b)
Start importing Assets/Art/Player_Idle using Guid(06995883c81a7e943997e91e12e8b07e) Importer(815301076,1909f56bfc062723c751e8b465ee728b)  -> (artifact id: '89c51756db7c967914aa58ae6704e0bd') in 0.004090 seconds
  Import took 0.007145 seconds .

========================================================================
Received Import Request.
  Time since last request: 0.122469 seconds.
  path: Assets/Art/Player_Idle/Anim_IDLE_00009.png
  artifactKey: Guid(8e1425f622f4abc47a8980bcf62647b3) Importer(815301076,1909f56bfc062723c751e8b465ee728b)
Start importing Assets/Art/Player_Idle/Anim_IDLE_00009.png using Guid(8e1425f622f4abc47a8980bcf62647b3) Importer(815301076,1909f56bfc062723c751e8b465ee728b)  -> (artifact id: '178719e429c09598073e2acee9dd7d75') in 0.011920 seconds
  Import took 0.015042 seconds .

========================================================================
Received Import Request.
  Time since last request: 0.000320 seconds.
  path: Assets/Art/Player_Idle/Anim_IDLE_00015.png
  artifactKey: Guid(baee60a18df54a54cad2baf1d36ea76f) Importer(815301076,1909f56bfc062723c751e8b465ee728b)
Start importing Assets/Art/Player_Idle/Anim_IDLE_00015.png using Guid(baee60a18df54a54cad2baf1d36ea76f) Importer(815301076,1909f56bfc062723c751e8b465ee728b)  -> (artifact id: '5965344e4ff546067b3cacf01d36cf17') in 0.012333 seconds
  Import took 0.015162 seconds .

========================================================================
Received Import Request.
  Time since last request: 0.000412 seconds.
  path: Assets/Art/Player_Idle/Anim_IDLE_00021.png
  artifactKey: Guid(13ef74f70b2355a48b491b71f6311d06) Importer(815301076,1909f56bfc062723c751e8b465ee728b)
Start importing Assets/Art/Player_Idle/Anim_IDLE_00021.png using Guid(13ef74f70b2355a48b491b71f6311d06) Importer(815301076,1909f56bfc062723c751e8b465ee728b)  -> (artifact id: 'febbabccb4ec5bc1dd11a4c8871835f8') in 0.015109 seconds
  Import took 0.018545 seconds .

========================================================================
Received Import Request.
  Time since last request: 0.000287 seconds.
  path: Assets/Art/Player_Idle/Anim_IDLE_00017.png
  artifactKey: Guid(1b7597fb9c6598d4e898196793b03ad1) Importer(815301076,1909f56bfc062723c751e8b465ee728b)
Start importing Assets/Art/Player_Idle/Anim_IDLE_00017.png using Guid(1b7597fb9c6598d4e898196793b03ad1) Importer(815301076,1909f56bfc062723c751e8b465ee728b)  -> (artifact id: '087b38817241388fa400c9e1191d7ebf') in 0.018985 seconds
  Import took 0.022326 seconds .

========================================================================
Received Import Request.
  Time since last request: 0.000287 seconds.
  path: Assets/Art/Player_Idle/Anim_IDLE_00023.png
  artifactKey: Guid(284d83b9ce331c24ab2986fd619bce23) Importer(815301076,1909f56bfc062723c751e8b465ee728b)
Start importing Assets/Art/Player_Idle/Anim_IDLE_00023.png using Guid(284d83b9ce331c24ab2986fd619bce23) Importer(815301076,1909f56bfc062723c751e8b465ee728b)  -> (artifact id: 'd972f9ecceb3b98cd4a233d30d5e536a') in 0.029967 seconds
  Import took 0.033014 seconds .

========================================================================
Received Import Request.
  Time since last request: 0.000269 seconds.
  path: Assets/Art/Player_Idle/Anim_IDLE_00019.png
  artifactKey: Guid(29298df770d056944a14c87e942cfa5d) Importer(815301076,1909f56bfc062723c751e8b465ee728b)
Start importing Assets/Art/Player_Idle/Anim_IDLE_00019.png using Guid(29298df770d056944a14c87e942cfa5d) Importer(815301076,1909f56bfc062723c751e8b465ee728b)  -> (artifact id: '310d4e71c0b730b876df5212dc321099') in 0.022201 seconds
  Import took 0.025452 seconds .

========================================================================
Received Import Request.
  Time since last request: 0.000256 seconds.
  path: Assets/Art/Player_Idle/Anim_IDLE_00013.png
  artifactKey: Guid(f7682f819f7fb12428430b5ae312e8ae) Importer(815301076,1909f56bfc062723c751e8b465ee728b)
Start importing Assets/Art/Player_Idle/Anim_IDLE_00013.png using Guid(f7682f819f7fb12428430b5ae312e8ae) Importer(815301076,1909f56bfc062723c751e8b465ee728b)  -> (artifact id: '8260e3ecfe43fe4264960c4f7f367dcd') in 0.019706 seconds
  Import took 0.022580 seconds .

========================================================================
Received Import Request.
  Time since last request: 0.000237 seconds.
  path: Assets/Art/Player_Idle/Anim_IDLE_00025.png
  artifactKey: Guid(18985760dd109d6418b8f22c6179176f) Importer(815301076,1909f56bfc062723c751e8b465ee728b)
Start importing Assets/Art/Player_Idle/Anim_IDLE_00025.png using Guid(18985760dd109d6418b8f22c6179176f) Importer(815301076,1909f56bfc062723c751e8b465ee728b)  -> (artifact id: 'd0e923d03850645dc4b54139bfd7488f') in 0.011883 seconds
  Import took 0.014942 seconds .

========================================================================
Received Import Request.
  Time since last request: 0.000297 seconds.
  path: Assets/Art/Player_Idle/Anim_IDLE_00029.png
  artifactKey: Guid(da9d7daa58bc6aa49ad8edf6154799e5) Importer(815301076,1909f56bfc062723c751e8b465ee728b)
Start importing Assets/Art/Player_Idle/Anim_IDLE_00029.png using Guid(da9d7daa58bc6aa49ad8edf6154799e5) Importer(815301076,1909f56bfc062723c751e8b465ee728b)  -> (artifact id: '68e924015b8d7c1480241e53b62a41b2') in 0.011574 seconds
  Import took 0.014447 seconds .

========================================================================
Received Import Request.
  Time since last request: 0.000313 seconds.
  path: Assets/Art/Player_Idle/Anim_IDLE_00011.png
  artifactKey: Guid(3b146ad560596b345b013d6e0830dcc0) Importer(815301076,1909f56bfc062723c751e8b465ee728b)
Start importing Assets/Art/Player_Idle/Anim_IDLE_00011.png using Guid(3b146ad560596b345b013d6e0830dcc0) Importer(815301076,1909f56bfc062723c751e8b465ee728b)  -> (artifact id: '861d7ab34a02c5e115a80f59ddd35ee1') in 0.011985 seconds
  Import took 0.015199 seconds .

========================================================================
Received Import Request.
  Time since last request: 0.000299 seconds.
  path: Assets/Art/Player_Idle/Anim_IDLE_00027.png
  artifactKey: Guid(6280ae8287f90e04083324a875d3340d) Importer(815301076,1909f56bfc062723c751e8b465ee728b)
Start importing Assets/Art/Player_Idle/Anim_IDLE_00027.png using Guid(6280ae8287f90e04083324a875d3340d) Importer(815301076,1909f56bfc062723c751e8b465ee728b)  -> (artifact id: '577c48714fd301b6639f228d64fa33c8') in 0.010367 seconds
  Import took 0.013310 seconds .

========================================================================
Received Import Request.
  Time since last request: 2.036492 seconds.
  path: Assets/Art/Player_Walk/Ellen_WALK_001.png
  artifactKey: Guid(325ae2190015ae848a16cc6b29682c30) Importer(815301076,1909f56bfc062723c751e8b465ee728b)
Start importing Assets/Art/Player_Walk/Ellen_WALK_001.png using Guid(325ae2190015ae848a16cc6b29682c30) Importer(815301076,1909f56bfc062723c751e8b465ee728b)  -> (artifact id: '378eff5403b8f50c27375ade68dcb219') in 0.011162 seconds
  Import took 0.014005 seconds .

========================================================================
Received Import Request.
  Time since last request: 0.000311 seconds.
  path: Assets/Art/Player_Walk/Ellen_WALK_011.png
  artifactKey: Guid(3b499cd288c69014794b80d3bbfa8559) Importer(815301076,1909f56bfc062723c751e8b465ee728b)
Start importing Assets/Art/Player_Walk/Ellen_WALK_011.png using Guid(3b499cd288c69014794b80d3bbfa8559) Importer(815301076,1909f56bfc062723c751e8b465ee728b)  -> (artifact id: 'dc927f99153c053d1ba184f7408494af') in 0.011824 seconds
  Import took 0.014726 seconds .

========================================================================
Received Import Request.
  Time since last request: 0.000298 seconds.
  path: Assets/Art/Player_Walk/Ellen_WALK_029.png
  artifactKey: Guid(f1ba11907ca200c4d970ea9a282b830e) Importer(815301076,1909f56bfc062723c751e8b465ee728b)
Start importing Assets/Art/Player_Walk/Ellen_WALK_029.png using Guid(f1ba11907ca200c4d970ea9a282b830e) Importer(815301076,1909f56bfc062723c751e8b465ee728b)  -> (artifact id: '93707db99b41ab7bf9fbf8415a3c5be4') in 0.016578 seconds
  Import took 0.022253 seconds .

========================================================================
Received Import Request.
  Time since last request: 0.000302 seconds.
  path: Assets/Art/Player_Walk/Ellen_WALK_003.png
  artifactKey: Guid(a406354249e2cb24496f39f51e377be5) Importer(815301076,1909f56bfc062723c751e8b465ee728b)
Start importing Assets/Art/Player_Walk/Ellen_WALK_003.png using Guid(a406354249e2cb24496f39f51e377be5) Importer(815301076,1909f56bfc062723c751e8b465ee728b)  -> (artifact id: '9a9f421398b9a4785852bd789f96e4a1') in 0.022669 seconds
  Import took 0.026746 seconds .

========================================================================
Received Import Request.
  Time since last request: 0.000315 seconds.
  path: Assets/Art/Player_Walk/Ellen_WALK_019.png
  artifactKey: Guid(ea6755282fd967e4faafb5b472305309) Importer(815301076,1909f56bfc062723c751e8b465ee728b)
Start importing Assets/Art/Player_Walk/Ellen_WALK_019.png using Guid(ea6755282fd967e4faafb5b472305309) Importer(815301076,1909f56bfc062723c751e8b465ee728b)  -> (artifact id: '207f8ba9842abae52c7afdecca398571') in 0.011862 seconds
  Import took 0.014864 seconds .

========================================================================
Received Import Request.
  Time since last request: 0.000303 seconds.
  path: Assets/Art/Player_Walk/Ellen_WALK_003.png
  artifactKey: Guid(a406354249e2cb24496f39f51e377be5) Importer(815301076,1909f56bfc062723c751e8b465ee728b)
Start importing Assets/Art/Player_Walk/Ellen_WALK_003.png using Guid(a406354249e2cb24496f39f51e377be5) Importer(815301076,1909f56bfc062723c751e8b465ee728b)  -> (artifact id: '9a9f421398b9a4785852bd789f96e4a1') in 0.011707 seconds
  Import took 0.014960 seconds .

========================================================================
Received Import Request.
  Time since last request: 0.000269 seconds.
  path: Assets/Art/Player_Walk/Ellen_WALK_013.png
  artifactKey: Guid(6fb7c0481cb7c2a47aff6f6ae38f47b8) Importer(815301076,1909f56bfc062723c751e8b465ee728b)
Start importing Assets/Art/Player_Walk/Ellen_WALK_013.png using Guid(6fb7c0481cb7c2a47aff6f6ae38f47b8) Importer(815301076,1909f56bfc062723c751e8b465ee728b)  -> (artifact id: 'a56e4ad69f91ac6cbab240a823a8d073') in 0.012106 seconds
  Import took 0.015117 seconds .

========================================================================
Received Import Request.
  Time since last request: 0.000305 seconds.
  path: Assets/Art/Player_Walk/Ellen_WALK_015.png
  artifactKey: Guid(9e45e98c13131e34db81110793c9b49e) Importer(815301076,1909f56bfc062723c751e8b465ee728b)
Start importing Assets/Art/Player_Walk/Ellen_WALK_015.png using Guid(9e45e98c13131e34db81110793c9b49e) Importer(815301076,1909f56bfc062723c751e8b465ee728b)  -> (artifact id: 'cfdfaa952cd7c0fe1e4ad012c0b663e4') in 0.012994 seconds
  Import took 0.016019 seconds .

========================================================================
Received Import Request.
  Time since last request: 0.000296 seconds.
  path: Assets/Art/Player_Walk/Ellen_WALK_021.png
  artifactKey: Guid(e833a38891a4e4b468086f82183b4f80) Importer(815301076,1909f56bfc062723c751e8b465ee728b)
Start importing Assets/Art/Player_Walk/Ellen_WALK_021.png using Guid(e833a38891a4e4b468086f82183b4f80) Importer(815301076,1909f56bfc062723c751e8b465ee728b)  -> (artifact id: '449151bbfb94bad7a4f947fa58acd8e1') in 0.013162 seconds
  Import took 0.016659 seconds .

========================================================================
Received Import Request.
  Time since last request: 0.000288 seconds.
  path: Assets/Art/Player_Walk/Ellen_WALK_005.png
  artifactKey: Guid(2c921e90a636f3d4db11b099e0c5218e) Importer(815301076,1909f56bfc062723c751e8b465ee728b)
Start importing Assets/Art/Player_Walk/Ellen_WALK_005.png using Guid(2c921e90a636f3d4db11b099e0c5218e) Importer(815301076,1909f56bfc062723c751e8b465ee728b)  -> (artifact id: 'c8119e7c7cbbae9a65c7ccf024c48f8a') in 0.018579 seconds
  Import took 0.022516 seconds .

========================================================================
Received Import Request.
  Time since last request: 0.000271 seconds.
  path: Assets/Art/Player_Walk/Ellen_WALK_017.png
  artifactKey: Guid(e689f845abd238643be73624b3fdc4b7) Importer(815301076,1909f56bfc062723c751e8b465ee728b)
Start importing Assets/Art/Player_Walk/Ellen_WALK_017.png using Guid(e689f845abd238643be73624b3fdc4b7) Importer(815301076,1909f56bfc062723c751e8b465ee728b)  -> (artifact id: 'e8aae9fde982f4680c837cfe62a0ebaa') in 0.012046 seconds
  Import took 0.015245 seconds .

========================================================================
Received Import Request.
  Time since last request: 0.000293 seconds.
  path: Assets/Art/Player_Walk/Ellen_WALK_025.png
  artifactKey: Guid(a05573f02d9f36e498d5ea618eb618b6) Importer(815301076,1909f56bfc062723c751e8b465ee728b)
Start importing Assets/Art/Player_Walk/Ellen_WALK_025.png using Guid(a05573f02d9f36e498d5ea618eb618b6) Importer(815301076,1909f56bfc062723c751e8b465ee728b)  -> (artifact id: 'f999f247ed449e55b4625db05e303724') in 0.015294 seconds
  Import took 0.018860 seconds .

========================================================================
Received Import Request.
  Time since last request: 0.000298 seconds.
  path: Assets/Art/Player_Walk/Ellen_WALK_009.png
  artifactKey: Guid(6572548b41e3d764795f3f3311b0de81) Importer(815301076,1909f56bfc062723c751e8b465ee728b)
Start importing Assets/Art/Player_Walk/Ellen_WALK_009.png using Guid(6572548b41e3d764795f3f3311b0de81) Importer(815301076,1909f56bfc062723c751e8b465ee728b)  -> (artifact id: '1df2e41a8aed7baa240223df9e5962a1') in 0.015309 seconds
  Import took 0.018539 seconds .

========================================================================
Received Import Request.
  Time since last request: 0.000316 seconds.
  path: Assets/Art/Player_Walk/Ellen_WALK_027.png
  artifactKey: Guid(8f5a0a1c2f010f34189f4aca930b0184) Importer(815301076,1909f56bfc062723c751e8b465ee728b)
Start importing Assets/Art/Player_Walk/Ellen_WALK_027.png using Guid(8f5a0a1c2f010f34189f4aca930b0184) Importer(815301076,1909f56bfc062723c751e8b465ee728b)  -> (artifact id: '670ac76969156b9cfac0e8f44ef7f18e') in 0.013437 seconds
  Import took 0.016504 seconds .

========================================================================
Received Import Request.
  Time since last request: 0.000273 seconds.
  path: Assets/Art/Player_Walk/Ellen_WALK_023.png
  artifactKey: Guid(46882f365ac759346a29ca6e1ccf479e) Importer(815301076,1909f56bfc062723c751e8b465ee728b)
Start importing Assets/Art/Player_Walk/Ellen_WALK_023.png using Guid(46882f365ac759346a29ca6e1ccf479e) Importer(815301076,1909f56bfc062723c751e8b465ee728b)  -> (artifact id: '6f39c374207902df906e25b237a3be0c') in 0.013158 seconds
  Import took 0.016265 seconds .

========================================================================
Received Import Request.
  Time since last request: 0.000286 seconds.
  path: Assets/Art/Player_Walk/Ellen_WALK_007.png
  artifactKey: Guid(5b4447cbf9bf79d44b9e001875ddb750) Importer(815301076,1909f56bfc062723c751e8b465ee728b)
Start importing Assets/Art/Player_Walk/Ellen_WALK_007.png using Guid(5b4447cbf9bf79d44b9e001875ddb750) Importer(815301076,1909f56bfc062723c751e8b465ee728b)  -> (artifact id: 'e2f70b4616d4e0eea54c64b1ecaa1715') in 0.013032 seconds
  Import took 0.017728 seconds .

========================================================================
Received Import Request.
  Time since last request: 33.205712 seconds.
  path: Assets/Script
  artifactKey: Guid(4802959b61c2be24b97c30f94732af4b) Importer(815301076,1909f56bfc062723c751e8b465ee728b)
Start importing Assets/Script using Guid(4802959b61c2be24b97c30f94732af4b) Importer(815301076,1909f56bfc062723c751e8b465ee728b)  -> (artifact id: 'fc01b9a53a9ecabfdefa777be24e6aa9') in 0.006689 seconds
  Import took 0.010113 seconds .

========================================================================
Received Import Request.
  Time since last request: 0.002119 seconds.
  path: Assets/Script
  artifactKey: Guid(4802959b61c2be24b97c30f94732af4b) Importer(815301076,1909f56bfc062723c751e8b465ee728b)
Start importing Assets/Script using Guid(4802959b61c2be24b97c30f94732af4b) Importer(815301076,1909f56bfc062723c751e8b465ee728b)  -> (artifact id: 'fc01b9a53a9ecabfdefa777be24e6aa9') in 0.003511 seconds
  Import took 0.006784 seconds .

========================================================================
Received Import Request.
  Time since last request: 8.680888 seconds.
  path: Assets/Script/Player.cs
  artifactKey: Guid(ad5cdc816f5df2645bee96db13ec8eb1) Importer(815301076,1909f56bfc062723c751e8b465ee728b)
Start importing Assets/Script/Player.cs using Guid(ad5cdc816f5df2645bee96db13ec8eb1) Importer(815301076,1909f56bfc062723c751e8b465ee728b)  -> (artifact id: '3f74ee35a432ae388081ed879a3a7b3c') in 0.018188 seconds
  Import took 0.021453 seconds .

========================================================================
Received Import Request.
  Time since last request: 0.000735 seconds.
  path: Assets/Script/Player.cs
  artifactKey: Guid(ad5cdc816f5df2645bee96db13ec8eb1) Importer(815301076,1909f56bfc062723c751e8b465ee728b)
Start importing Assets/Script/Player.cs using Guid(ad5cdc816f5df2645bee96db13ec8eb1) Importer(815301076,1909f56bfc062723c751e8b465ee728b)  -> (artifact id: '3f74ee35a432ae388081ed879a3a7b3c') in 0.004353 seconds
  Import took 0.008361 seconds .

========================================================================
Received Prepare
Registering precompiled user dll's ...
Registered in 0.014584 seconds.
Begin MonoManager ReloadAssembly
Native extension for WindowsStandalone target not found
Refreshing native plugins compatible for Editor in 0.44 ms, found 2 plugins.
Preloading 0 native plugins for Editor in 0.00 ms.
Invoked RoslynAnalysisRunner static constructor.
RoslynAnalysisRunner will not be running.
RoslynAnalysisRunner has terminated.
Mono: successfully reloaded assembly
- Completed reload, in  1.090 seconds
Platform modules already initialized, skipping
Refreshing native plugins compatible for Editor in 0.81 ms, found 2 plugins.
Preloading 0 native plugins for Editor in 0.00 ms.
Unloading 1804 Unused Serialized files (Serialized files now loaded: 0)
System memory in use before: 91.3 MB.
System memory in use after: 91.3 MB.

Unloading 28 unused Assets to reduce memory usage. Loaded Objects now: 2346.
Total: 4.224200 ms (FindLiveObjects: 0.224500 ms CreateObjectMapping: 0.073200 ms MarkObjects: 3.794700 ms  DeleteObjects: 0.128400 ms)

========================================================================
Received Import Request.
  Time since last request: 1404.804230 seconds.
  path: Assets/Macro/Player.asset
  artifactKey: Guid(ae41b8cc79c178b41993d674d97e1d32) Importer(815301076,1909f56bfc062723c751e8b465ee728b)
Start importing Assets/Macro/Player.asset using Guid(ae41b8cc79c178b41993d674d97e1d32) Importer(815301076,1909f56bfc062723c751e8b465ee728b)  -> (artifact id: 'de72d6d485f0714f9295581f20089ae1') in 0.229205 seconds
  Import took 0.232771 seconds .

========================================================================
Received Import Request.
  Time since last request: 0.007789 seconds.
  path: Assets/Macro/Player.asset
  artifactKey: Guid(ae41b8cc79c178b41993d674d97e1d32) Importer(815301076,1909f56bfc062723c751e8b465ee728b)
Start importing Assets/Macro/Player.asset using Guid(ae41b8cc79c178b41993d674d97e1d32) Importer(815301076,1909f56bfc062723c751e8b465ee728b)  -> (artifact id: 'de72d6d485f0714f9295581f20089ae1') in 0.004620 seconds
  Import took 0.008825 seconds .

========================================================================
Received Prepare
Registering precompiled user dll's ...
Registered in 0.011565 seconds.
Begin MonoManager ReloadAssembly
Native extension for WindowsStandalone target not found
Refreshing native plugins compatible for Editor in 0.43 ms, found 2 plugins.
Preloading 0 native plugins for Editor in 0.00 ms.
Invoked RoslynAnalysisRunner static constructor.
RoslynAnalysisRunner will not be running.
RoslynAnalysisRunner has terminated.
Mono: successfully reloaded assembly
- Completed reload, in  0.943 seconds
Platform modules already initialized, skipping
Refreshing native plugins compatible for Editor in 0.46 ms, found 2 plugins.
Preloading 0 native plugins for Editor in 0.00 ms.
Unloading 1804 Unused Serialized files (Serialized files now loaded: 0)
System memory in use before: 91.4 MB.
System memory in use after: 91.4 MB.

Unloading 28 unused Assets to reduce memory usage. Loaded Objects now: 2349.
Total: 2.047100 ms (FindLiveObjects: 0.187700 ms CreateObjectMapping: 0.061700 ms MarkObjects: 1.691200 ms  DeleteObjects: 0.105600 ms)

========================================================================
Received Prepare
Registering precompiled user dll's ...
Registered in 0.011230 seconds.
Begin MonoManager ReloadAssembly
Native extension for WindowsStandalone target not found
Refreshing native plugins compatible for Editor in 0.43 ms, found 2 plugins.
Preloading 0 native plugins for Editor in 0.00 ms.
Invoked RoslynAnalysisRunner static constructor.
RoslynAnalysisRunner will not be running.
RoslynAnalysisRunner has terminated.
Mono: successfully reloaded assembly
- Completed reload, in  0.982 seconds
Platform modules already initialized, skipping
Refreshing native plugins compatible for Editor in 1.10 ms, found 2 plugins.
Preloading 0 native plugins for Editor in 0.00 ms.
Unloading 1804 Unused Serialized files (Serialized files now loaded: 0)
System memory in use before: 91.5 MB.
System memory in use after: 91.5 MB.

Unloading 28 unused Assets to reduce memory usage. Loaded Objects now: 2352.
Total: 2.289800 ms (FindLiveObjects: 0.311500 ms CreateObjectMapping: 0.115600 ms MarkObjects: 1.759800 ms  DeleteObjects: 0.101600 ms)

========================================================================
Received Prepare
Registering precompiled user dll's ...
Registered in 0.013472 seconds.
Begin MonoManager ReloadAssembly
Native extension for WindowsStandalone target not found
Refreshing native plugins compatible for Editor in 0.44 ms, found 2 plugins.
Preloading 0 native plugins for Editor in 0.00 ms.
Invoked RoslynAnalysisRunner static constructor.
RoslynAnalysisRunner will not be running.
RoslynAnalysisRunner has terminated.
Mono: successfully reloaded assembly
- Completed reload, in  1.004 seconds
Platform modules already initialized, skipping
Refreshing native plugins compatible for Editor in 0.43 ms, found 2 plugins.
Preloading 0 native plugins for Editor in 0.00 ms.
Unloading 1804 Unused Serialized files (Serialized files now loaded: 0)
System memory in use before: 91.6 MB.
System memory in use after: 91.6 MB.

Unloading 28 unused Assets to reduce memory usage. Loaded Objects now: 2355.
Total: 2.060700 ms (FindLiveObjects: 0.238600 ms CreateObjectMapping: 0.079400 ms MarkObjects: 1.642200 ms  DeleteObjects: 0.099400 ms)

========================================================================
Received Prepare
Registering precompiled user dll's ...
Registered in 0.013281 seconds.
Begin MonoManager ReloadAssembly
Native extension for WindowsStandalone target not found
Refreshing native plugins compatible for Editor in 0.46 ms, found 2 plugins.
Preloading 0 native plugins for Editor in 0.00 ms.
Invoked RoslynAnalysisRunner static constructor.
RoslynAnalysisRunner will not be running.
RoslynAnalysisRunner has terminated.
Mono: successfully reloaded assembly
- Completed reload, in  0.989 seconds
Platform modules already initialized, skipping
Refreshing native plugins compatible for Editor in 0.43 ms, found 2 plugins.
Preloading 0 native plugins for Editor in 0.00 ms.
Unloading 1804 Unused Serialized files (Serialized files now loaded: 0)
System memory in use before: 91.7 MB.
System memory in use after: 91.7 MB.

Unloading 28 unused Assets to reduce memory usage. Loaded Objects now: 2358.
Total: 5.004300 ms (FindLiveObjects: 0.473600 ms CreateObjectMapping: 0.154400 ms MarkObjects: 4.081300 ms  DeleteObjects: 0.292100 ms)

========================================================================
Received Prepare
Registering precompiled user dll's ...
Registered in 0.011269 seconds.
Begin MonoManager ReloadAssembly
Native extension for WindowsStandalone target not found
Refreshing native plugins compatible for Editor in 0.45 ms, found 2 plugins.
Preloading 0 native plugins for Editor in 0.00 ms.
Invoked RoslynAnalysisRunner static constructor.
RoslynAnalysisRunner will not be running.
RoslynAnalysisRunner has terminated.
Mono: successfully reloaded assembly
- Completed reload, in  1.000 seconds
Platform modules already initialized, skipping
Refreshing native plugins compatible for Editor in 0.49 ms, found 2 plugins.
Preloading 0 native plugins for Editor in 0.00 ms.
Unloading 1804 Unused Serialized files (Serialized files now loaded: 0)
System memory in use before: 91.7 MB.
System memory in use after: 91.7 MB.

Unloading 28 unused Assets to reduce memory usage. Loaded Objects now: 2361.
Total: 2.320200 ms (FindLiveObjects: 0.299500 ms CreateObjectMapping: 0.067900 ms MarkObjects: 1.737900 ms  DeleteObjects: 0.212700 ms)

========================================================================
Received Prepare
Registering precompiled user dll's ...
Registered in 0.010968 seconds.
Begin MonoManager ReloadAssembly
Native extension for WindowsStandalone target not found
Refreshing native plugins compatible for Editor in 0.59 ms, found 2 plugins.
Preloading 0 native plugins for Editor in 0.00 ms.
Invoked RoslynAnalysisRunner static constructor.
RoslynAnalysisRunner will not be running.
RoslynAnalysisRunner has terminated.
Mono: successfully reloaded assembly
- Completed reload, in  1.031 seconds
Platform modules already initialized, skipping
Refreshing native plugins compatible for Editor in 0.44 ms, found 2 plugins.
Preloading 0 native plugins for Editor in 0.00 ms.
Unloading 1804 Unused Serialized files (Serialized files now loaded: 0)
System memory in use before: 91.8 MB.
System memory in use after: 91.8 MB.

Unloading 28 unused Assets to reduce memory usage. Loaded Objects now: 2364.
Total: 2.319500 ms (FindLiveObjects: 0.323500 ms CreateObjectMapping: 0.086400 ms MarkObjects: 1.717200 ms  DeleteObjects: 0.190200 ms)

========================================================================
Received Prepare
Registering precompiled user dll's ...
Registered in 0.012813 seconds.
Begin MonoManager ReloadAssembly
Native extension for WindowsStandalone target not found
Refreshing native plugins compatible for Editor in 0.44 ms, found 2 plugins.
Preloading 0 native plugins for Editor in 0.00 ms.
Invoked RoslynAnalysisRunner static constructor.
RoslynAnalysisRunner will not be running.
RoslynAnalysisRunner has terminated.
Mono: successfully reloaded assembly
- Completed reload, in  0.990 seconds
Platform modules already initialized, skipping
Refreshing native plugins compatible for Editor in 0.43 ms, found 2 plugins.
Preloading 0 native plugins for Editor in 0.00 ms.
Unloading 1804 Unused Serialized files (Serialized files now loaded: 0)
System memory in use before: 91.9 MB.
System memory in use after: 91.9 MB.

Unloading 28 unused Assets to reduce memory usage. Loaded Objects now: 2367.
Total: 1.962900 ms (FindLiveObjects: 0.231500 ms CreateObjectMapping: 0.062200 ms MarkObjects: 1.565900 ms  DeleteObjects: 0.101400 ms)

========================================================================
Received Import Request.
  Time since last request: 2557.204599 seconds.
  path: Assets/Macro/Player.asset
  artifactKey: Guid(ae41b8cc79c178b41993d674d97e1d32) Importer(815301076,1909f56bfc062723c751e8b465ee728b)
Start importing Assets/Macro/Player.asset using Guid(ae41b8cc79c178b41993d674d97e1d32) Importer(815301076,1909f56bfc062723c751e8b465ee728b)  -> (artifact id: 'df1fb4582afaebb969434eaedb9c761d') in 0.555935 seconds
  Import took 0.560681 seconds .

========================================================================
Received Prepare
Registering precompiled user dll's ...
Registered in 0.010433 seconds.
Begin MonoManager ReloadAssembly
Native extension for WindowsStandalone target not found
Refreshing native plugins compatible for Editor in 0.45 ms, found 2 plugins.
Preloading 0 native plugins for Editor in 0.00 ms.
Invoked RoslynAnalysisRunner static constructor.
RoslynAnalysisRunner will not be running.
RoslynAnalysisRunner has terminated.
Mono: successfully reloaded assembly
- Completed reload, in  0.937 seconds
Platform modules already initialized, skipping
Refreshing native plugins compatible for Editor in 0.48 ms, found 2 plugins.
Preloading 0 native plugins for Editor in 0.00 ms.
Unloading 1804 Unused Serialized files (Serialized files now loaded: 0)
System memory in use before: 91.9 MB.
System memory in use after: 91.9 MB.

Unloading 28 unused Assets to reduce memory usage. Loaded Objects now: 2370.
Total: 2.322400 ms (FindLiveObjects: 0.235800 ms CreateObjectMapping: 0.073100 ms MarkObjects: 1.907100 ms  DeleteObjects: 0.105100 ms)

========================================================================
Received Prepare
Registering precompiled user dll's ...
Registered in 0.010606 seconds.
Begin MonoManager ReloadAssembly
Native extension for WindowsStandalone target not found
Refreshing native plugins compatible for Editor in 0.44 ms, found 2 plugins.
Preloading 0 native plugins for Editor in 0.00 ms.
Invoked RoslynAnalysisRunner static constructor.
RoslynAnalysisRunner will not be running.
RoslynAnalysisRunner has terminated.
Mono: successfully reloaded assembly
- Completed reload, in  0.930 seconds
Platform modules already initialized, skipping
Refreshing native plugins compatible for Editor in 0.43 ms, found 2 plugins.
Preloading 0 native plugins for Editor in 0.00 ms.
Unloading 1804 Unused Serialized files (Serialized files now loaded: 0)
System memory in use before: 92.0 MB.
System memory in use after: 92.0 MB.

Unloading 28 unused Assets to reduce memory usage. Loaded Objects now: 2373.
Total: 2.138500 ms (FindLiveObjects: 0.226700 ms CreateObjectMapping: 0.076200 ms MarkObjects: 1.738800 ms  DeleteObjects: 0.096000 ms)

========================================================================
Received Import Request.
  Time since last request: 1083.841958 seconds.
  path: Assets/Ani
  artifactKey: Guid(d7c97edc4e927f74eaf92cbe634ba07b) Importer(815301076,1909f56bfc062723c751e8b465ee728b)
Start importing Assets/Ani using Guid(d7c97edc4e927f74eaf92cbe634ba07b) Importer(815301076,1909f56bfc062723c751e8b465ee728b)  -> (artifact id: '2dc72d1ffffd3096c48377f696b81475') in 0.007776 seconds
  Import took 0.016602 seconds .

========================================================================
Received Import Request.
  Time since last request: 17.779262 seconds.
  path: Assets/Ani/New Animator Controller.controller
  artifactKey: Guid(f335da98dc75bb2408995122b646e8b4) Importer(815301076,1909f56bfc062723c751e8b465ee728b)
Start importing Assets/Ani/New Animator Controller.controller using Guid(f335da98dc75bb2408995122b646e8b4) Importer(815301076,1909f56bfc062723c751e8b465ee728b)  -> (artifact id: '520d229a097258056e37fe104286a47b') in 0.019857 seconds
  Import took 0.026627 seconds .

========================================================================
Received Import Request.
  Time since last request: 9.293934 seconds.
  path: Assets/Ani/Player.controller
  artifactKey: Guid(f335da98dc75bb2408995122b646e8b4) Importer(815301076,1909f56bfc062723c751e8b465ee728b)
Start importing Assets/Ani/Player.controller using Guid(f335da98dc75bb2408995122b646e8b4) Importer(815301076,1909f56bfc062723c751e8b465ee728b)  -> (artifact id: '8ec7a850e5e61130e81ce9ca8a8ddcd4') in 0.004486 seconds
  Import took 0.009758 seconds .

========================================================================
Received Import Request.
  Time since last request: 863.448900 seconds.
  path: Assets/Ani/Player_Idle.anim
  artifactKey: Guid(c79f03ef5a166734e8e05b3ebaf17be2) Importer(815301076,1909f56bfc062723c751e8b465ee728b)
Start importing Assets/Ani/Player_Idle.anim using Guid(c79f03ef5a166734e8e05b3ebaf17be2) Importer(815301076,1909f56bfc062723c751e8b465ee728b)  -> (artifact id: '70ebbb5060c58a3afedfca04f2890dcb') in 0.007263 seconds
  Import took 0.011150 seconds .

========================================================================
Received Import Request.
  Time since last request: 0.003601 seconds.
  path: Assets/Ani/Player_Idle.anim
  artifactKey: Guid(c79f03ef5a166734e8e05b3ebaf17be2) Importer(815301076,1909f56bfc062723c751e8b465ee728b)
Start importing Assets/Ani/Player_Idle.anim using Guid(c79f03ef5a166734e8e05b3ebaf17be2) Importer(815301076,1909f56bfc062723c751e8b465ee728b)  -> (artifact id: '70ebbb5060c58a3afedfca04f2890dcb') in 0.003985 seconds
  Import took 0.007538 seconds .

========================================================================
Received Import Request.
  Time since last request: 266.875338 seconds.
  path: Assets/Ani/Anim_IDLE_00001.controller
  artifactKey: Guid(c1edce85f7f28124ea455ff72166d3d5) Importer(815301076,1909f56bfc062723c751e8b465ee728b)
Start importing Assets/Ani/Anim_IDLE_00001.controller using Guid(c1edce85f7f28124ea455ff72166d3d5) Importer(815301076,1909f56bfc062723c751e8b465ee728b)  -> (artifact id: 'd8e30f2ea1e1c4f39552cfa5b87a9264') in 0.010458 seconds
  Import took 0.018858 seconds .

========================================================================
Received Prepare
Registering precompiled user dll's ...
Registered in 0.010826 seconds.
Begin MonoManager ReloadAssembly
Native extension for WindowsStandalone target not found
Refreshing native plugins compatible for Editor in 0.47 ms, found 2 plugins.
Preloading 0 native plugins for Editor in 0.00 ms.
Invoked RoslynAnalysisRunner static constructor.
RoslynAnalysisRunner will not be running.
RoslynAnalysisRunner has terminated.
Mono: successfully reloaded assembly
- Completed reload, in  1.089 seconds
Platform modules already initialized, skipping
Refreshing native plugins compatible for Editor in 0.43 ms, found 2 plugins.
Preloading 0 native plugins for Editor in 0.00 ms.
Unloading 1804 Unused Serialized files (Serialized files now loaded: 0)
System memory in use before: 92.1 MB.
System memory in use after: 92.1 MB.

Unloading 28 unused Assets to reduce memory usage. Loaded Objects now: 2376.
Total: 8.108400 ms (FindLiveObjects: 0.603600 ms CreateObjectMapping: 0.815300 ms MarkObjects: 6.363200 ms  DeleteObjects: 0.322100 ms)

========================================================================
Received Prepare
Registering precompiled user dll's ...
Registered in 0.013106 seconds.
Begin MonoManager ReloadAssembly
Native extension for WindowsStandalone target not found
Refreshing native plugins compatible for Editor in 0.46 ms, found 2 plugins.
Preloading 0 native plugins for Editor in 0.00 ms.
Invoked RoslynAnalysisRunner static constructor.
RoslynAnalysisRunner will not be running.
RoslynAnalysisRunner has terminated.
Mono: successfully reloaded assembly
- Completed reload, in  0.973 seconds
Platform modules already initialized, skipping
Refreshing native plugins compatible for Editor in 0.44 ms, found 2 plugins.
Preloading 0 native plugins for Editor in 0.00 ms.
Unloading 1804 Unused Serialized files (Serialized files now loaded: 0)
System memory in use before: 92.2 MB.
System memory in use after: 92.2 MB.

Unloading 28 unused Assets to reduce memory usage. Loaded Objects now: 2379.
Total: 3.853800 ms (FindLiveObjects: 0.673200 ms CreateObjectMapping: 0.148600 ms MarkObjects: 2.924000 ms  DeleteObjects: 0.105400 ms)

========================================================================
Received Prepare
Registering precompiled user dll's ...
Registered in 0.011835 seconds.
Begin MonoManager ReloadAssembly
Native extension for WindowsStandalone target not found
Refreshing native plugins compatible for Editor in 0.43 ms, found 2 plugins.
Preloading 0 native plugins for Editor in 0.00 ms.
Invoked RoslynAnalysisRunner static constructor.
RoslynAnalysisRunner will not be running.
RoslynAnalysisRunner has terminated.
Mono: successfully reloaded assembly
- Completed reload, in  0.890 seconds
Platform modules already initialized, skipping
Refreshing native plugins compatible for Editor in 0.44 ms, found 2 plugins.
Preloading 0 native plugins for Editor in 0.00 ms.
Unloading 1804 Unused Serialized files (Serialized files now loaded: 0)
System memory in use before: 92.2 MB.
System memory in use after: 92.2 MB.

Unloading 28 unused Assets to reduce memory usage. Loaded Objects now: 2382.
Total: 2.037600 ms (FindLiveObjects: 0.216300 ms CreateObjectMapping: 0.064300 ms MarkObjects: 1.656600 ms  DeleteObjects: 0.099400 ms)

========================================================================
Received Import Request.
  Time since last request: 1262.907298 seconds.
  path: Assets/Scenes
  artifactKey: Guid(05dee08ff604b6a4b93fa424f7af5b5b) Importer(815301076,1909f56bfc062723c751e8b465ee728b)
Start importing Assets/Scenes using Guid(05dee08ff604b6a4b93fa424f7af5b5b) Importer(815301076,1909f56bfc062723c751e8b465ee728b)  -> (artifact id: '8070ab537f78312688f853e68ba970e5') in 0.008455 seconds
  Import took 0.017866 seconds .

========================================================================
Received Prepare
Registering precompiled user dll's ...
Registered in 0.011858 seconds.
Begin MonoManager ReloadAssembly
Native extension for WindowsStandalone target not found
Refreshing native plugins compatible for Editor in 0.45 ms, found 2 plugins.
Preloading 0 native plugins for Editor in 0.00 ms.
Invoked RoslynAnalysisRunner static constructor.
RoslynAnalysisRunner will not be running.
RoslynAnalysisRunner has terminated.
Mono: successfully reloaded assembly
- Completed reload, in  0.963 seconds
Platform modules already initialized, skipping
Refreshing native plugins compatible for Editor in 0.45 ms, found 2 plugins.
Preloading 0 native plugins for Editor in 0.00 ms.
Unloading 1804 Unused Serialized files (Serialized files now loaded: 0)
System memory in use before: 92.3 MB.
System memory in use after: 92.3 MB.

Unloading 28 unused Assets to reduce memory usage. Loaded Objects now: 2385.
Total: 2.976600 ms (FindLiveObjects: 0.602200 ms CreateObjectMapping: 0.185700 ms MarkObjects: 2.076400 ms  DeleteObjects: 0.111000 ms)

========================================================================
Received Prepare
Registering precompiled user dll's ...
Registered in 0.011028 seconds.
Begin MonoManager ReloadAssembly
Native extension for WindowsStandalone target not found
Refreshing native plugins compatible for Editor in 0.90 ms, found 2 plugins.
Preloading 0 native plugins for Editor in 0.00 ms.
Invoked RoslynAnalysisRunner static constructor.
RoslynAnalysisRunner will not be running.
RoslynAnalysisRunner has terminated.
Mono: successfully reloaded assembly
- Completed reload, in  1.249 seconds
Platform modules already initialized, skipping
Refreshing native plugins compatible for Editor in 0.60 ms, found 2 plugins.
Preloading 0 native plugins for Editor in 0.00 ms.
Unloading 1804 Unused Serialized files (Serialized files now loaded: 0)
System memory in use before: 92.4 MB.
System memory in use after: 92.4 MB.

Unloading 28 unused Assets to reduce memory usage. Loaded Objects now: 2388.
Total: 2.764100 ms (FindLiveObjects: 0.388000 ms CreateObjectMapping: 0.112000 ms MarkObjects: 2.138900 ms  DeleteObjects: 0.123900 ms)

========================================================================
Received Prepare
Registering precompiled user dll's ...
Registered in 0.012255 seconds.
Begin MonoManager ReloadAssembly
Native extension for WindowsStandalone target not found
Refreshing native plugins compatible for Editor in 0.57 ms, found 2 plugins.
Preloading 0 native plugins for Editor in 0.00 ms.
Invoked RoslynAnalysisRunner static constructor.
RoslynAnalysisRunner will not be running.
RoslynAnalysisRunner has terminated.
Mono: successfully reloaded assembly
- Completed reload, in  1.113 seconds
Platform modules already initialized, skipping
Refreshing native plugins compatible for Editor in 0.86 ms, found 2 plugins.
Preloading 0 native plugins for Editor in 0.00 ms.
Unloading 1804 Unused Serialized files (Serialized files now loaded: 0)
System memory in use before: 92.5 MB.
System memory in use after: 92.5 MB.

Unloading 28 unused Assets to reduce memory usage. Loaded Objects now: 2391.
Total: 2.028500 ms (FindLiveObjects: 0.265400 ms CreateObjectMapping: 0.080300 ms MarkObjects: 1.577900 ms  DeleteObjects: 0.104000 ms)

========================================================================
Received Prepare
Registering precompiled user dll's ...
Registered in 0.010104 seconds.
Begin MonoManager ReloadAssembly
Native extension for WindowsStandalone target not found
Refreshing native plugins compatible for Editor in 0.43 ms, found 2 plugins.
Preloading 0 native plugins for Editor in 0.00 ms.
Invoked RoslynAnalysisRunner static constructor.
RoslynAnalysisRunner will not be running.
RoslynAnalysisRunner has terminated.
Mono: successfully reloaded assembly
- Completed reload, in  0.996 seconds
Platform modules already initialized, skipping
Refreshing native plugins compatible for Editor in 0.45 ms, found 2 plugins.
Preloading 0 native plugins for Editor in 0.00 ms.
Unloading 1804 Unused Serialized files (Serialized files now loaded: 0)
System memory in use before: 92.5 MB.
System memory in use after: 92.5 MB.

Unloading 28 unused Assets to reduce memory usage. Loaded Objects now: 2394.
Total: 4.800200 ms (FindLiveObjects: 0.402100 ms CreateObjectMapping: 0.091200 ms MarkObjects: 4.190900 ms  DeleteObjects: 0.113300 ms)

========================================================================
Received Prepare
Registering precompiled user dll's ...
Registered in 0.011033 seconds.
Begin MonoManager ReloadAssembly
Native extension for WindowsStandalone target not found
Refreshing native plugins compatible for Editor in 0.47 ms, found 2 plugins.
Preloading 0 native plugins for Editor in 0.00 ms.
Invoked RoslynAnalysisRunner static constructor.
RoslynAnalysisRunner will not be running.
RoslynAnalysisRunner has terminated.
Mono: successfully reloaded assembly
- Completed reload, in  0.963 seconds
Platform modules already initialized, skipping
Refreshing native plugins compatible for Editor in 0.43 ms, found 2 plugins.
Preloading 0 native plugins for Editor in 0.00 ms.
Unloading 1804 Unused Serialized files (Serialized files now loaded: 0)
System memory in use before: 92.6 MB.
System memory in use after: 92.6 MB.

Unloading 28 unused Assets to reduce memory usage. Loaded Objects now: 2397.
Total: 2.443200 ms (FindLiveObjects: 0.518700 ms CreateObjectMapping: 0.185800 ms MarkObjects: 1.638900 ms  DeleteObjects: 0.098200 ms)

========================================================================
Received Prepare
Registering precompiled user dll's ...
Registered in 0.016878 seconds.
Begin MonoManager ReloadAssembly
Native extension for WindowsStandalone target not found
Refreshing native plugins compatible for Editor in 0.43 ms, found 2 plugins.
Preloading 0 native plugins for Editor in 0.00 ms.
Invoked RoslynAnalysisRunner static constructor.
RoslynAnalysisRunner will not be running.
RoslynAnalysisRunner has terminated.
Mono: successfully reloaded assembly
- Completed reload, in  1.031 seconds
Platform modules already initialized, skipping
Refreshing native plugins compatible for Editor in 0.43 ms, found 2 plugins.
Preloading 0 native plugins for Editor in 0.00 ms.
Unloading 1804 Unused Serialized files (Serialized files now loaded: 0)
System memory in use before: 92.7 MB.
System memory in use after: 92.7 MB.

Unloading 28 unused Assets to reduce memory usage. Loaded Objects now: 2400.
Total: 3.986900 ms (FindLiveObjects: 0.354800 ms CreateObjectMapping: 0.132100 ms MarkObjects: 3.372000 ms  DeleteObjects: 0.125700 ms)

========================================================================
Received Prepare
Registering precompiled user dll's ...
Registered in 0.011411 seconds.
Begin MonoManager ReloadAssembly
Native extension for WindowsStandalone target not found
Refreshing native plugins compatible for Editor in 0.44 ms, found 2 plugins.
Preloading 0 native plugins for Editor in 0.00 ms.
Invoked RoslynAnalysisRunner static constructor.
RoslynAnalysisRunner will not be running.
RoslynAnalysisRunner has terminated.
Mono: successfully reloaded assembly
- Completed reload, in  0.944 seconds
Platform modules already initialized, skipping
Refreshing native plugins compatible for Editor in 0.45 ms, found 2 plugins.
Preloading 0 native plugins for Editor in 0.00 ms.
Unloading 1804 Unused Serialized files (Serialized files now loaded: 0)
System memory in use before: 92.7 MB.
System memory in use after: 92.7 MB.

Unloading 28 unused Assets to reduce memory usage. Loaded Objects now: 2403.
Total: 2.319800 ms (FindLiveObjects: 0.269300 ms CreateObjectMapping: 0.083500 ms MarkObjects: 1.862500 ms  DeleteObjects: 0.103400 ms)

========================================================================
Received Prepare
Registering precompiled user dll's ...
Registered in 0.013631 seconds.
Begin MonoManager ReloadAssembly
Native extension for WindowsStandalone target not found
Refreshing native plugins compatible for Editor in 0.48 ms, found 2 plugins.
Preloading 0 native plugins for Editor in 0.00 ms.
Invoked RoslynAnalysisRunner static constructor.
RoslynAnalysisRunner will not be running.
RoslynAnalysisRunner has terminated.
Mono: successfully reloaded assembly
- Completed reload, in  1.100 seconds
Platform modules already initialized, skipping
Refreshing native plugins compatible for Editor in 0.46 ms, found 2 plugins.
Preloading 0 native plugins for Editor in 0.00 ms.
Unloading 1804 Unused Serialized files (Serialized files now loaded: 0)
System memory in use before: 92.8 MB.
System memory in use after: 92.8 MB.

Unloading 28 unused Assets to reduce memory usage. Loaded Objects now: 2406.
Total: 7.502400 ms (FindLiveObjects: 0.798000 ms CreateObjectMapping: 0.454200 ms MarkObjects: 6.079400 ms  DeleteObjects: 0.168100 ms)

========================================================================
Received Prepare
Registering precompiled user dll's ...
Registered in 0.010711 seconds.
Begin MonoManager ReloadAssembly
Native extension for WindowsStandalone target not found
Refreshing native plugins compatible for Editor in 0.66 ms, found 2 plugins.
Preloading 0 native plugins for Editor in 0.00 ms.
Invoked RoslynAnalysisRunner static constructor.
RoslynAnalysisRunner will not be running.
RoslynAnalysisRunner has terminated.
Mono: successfully reloaded assembly
- Completed reload, in  1.243 seconds
Platform modules already initialized, skipping
Refreshing native plugins compatible for Editor in 0.44 ms, found 2 plugins.
Preloading 0 native plugins for Editor in 0.00 ms.
Unloading 1804 Unused Serialized files (Serialized files now loaded: 0)
System memory in use before: 92.9 MB.
System memory in use after: 92.9 MB.

Unloading 28 unused Assets to reduce memory usage. Loaded Objects now: 2409.
Total: 2.931700 ms (FindLiveObjects: 0.333700 ms CreateObjectMapping: 0.096700 ms MarkObjects: 2.224000 ms  DeleteObjects: 0.275300 ms)

========================================================================
Received Prepare
Registering precompiled user dll's ...
Registered in 0.010514 seconds.
Begin MonoManager ReloadAssembly
Native extension for WindowsStandalone target not found
Refreshing native plugins compatible for Editor in 0.44 ms, found 2 plugins.
Preloading 0 native plugins for Editor in 0.00 ms.
Invoked RoslynAnalysisRunner static constructor.
RoslynAnalysisRunner will not be running.
RoslynAnalysisRunner has terminated.
Mono: successfully reloaded assembly
- Completed reload, in  0.938 seconds
Platform modules already initialized, skipping
Refreshing native plugins compatible for Editor in 0.62 ms, found 2 plugins.
Preloading 0 native plugins for Editor in 0.00 ms.
Unloading 1804 Unused Serialized files (Serialized files now loaded: 0)
System memory in use before: 92.9 MB.
System memory in use after: 92.9 MB.

Unloading 28 unused Assets to reduce memory usage. Loaded Objects now: 2412.
Total: 2.329100 ms (FindLiveObjects: 0.239300 ms CreateObjectMapping: 0.093800 ms MarkObjects: 1.866800 ms  DeleteObjects: 0.127200 ms)

AssetImportWorkerClient::OnTransportError - code=2 error=End of file
