Using pre-set license
Built from '2020.2/release' branch; Version is '2020.2.2f1 (068178b99f32) revision 426360'; Using compiler version '192528614'; Build Type 'Release'
OS: 'Windows 10 Education; OS build 19042.928; Version 2009; 64bit' Language: 'ko' Physical Memory: 8106 MB
BatchMode: 1, IsHumanControllingUs: 0, StartBugReporterOnCrash: 0, Is64bit: 1, IsPro: 0

 COMMAND LINE ARGUMENTS:
C:\Program Files\Unity\Hub\Editor\2020.2.2f1\Editor\Unity.exe
-adb2
-batchMode
-noUpm
-name
AssetImportWorker0
-projectPath
C:/Users/MyGame/Downloads/New Unity Project
-logFile
Logs/AssetImportWorker0.log
-srvPort
53766
Successfully changed project path to: C:/Users/MyGame/Downloads/New Unity Project
C:/Users/MyGame/Downloads/New Unity Project
Using Asset Import Pipeline V2.
Refreshing native plugins compatible for Editor in 45.65 ms, found 2 plugins.
Preloading 0 native plugins for Editor in 0.00 ms.
Initialize engine version: 2020.2.2f1 (068178b99f32)
[Subsystems] Discovering subsystems at path C:/Program Files/Unity/Hub/Editor/2020.2.2f1/Editor/Data/Resources/UnitySubsystems
[Subsystems] Discovering subsystems at path C:/Users/MyGame/Downloads/New Unity Project/Assets
GfxDevice: creating device client; threaded=0
Direct3D:
    Version:  Direct3D 11.0 [level 11.1]
    Renderer: NVIDIA GeForce GTX 1050 Ti (ID=0x1c82)
    Vendor:   
    VRAM:     4018 MB
    Driver:   27.21.14.5671
Initialize mono
Mono path[0] = 'C:/Program Files/Unity/Hub/Editor/2020.2.2f1/Editor/Data/Managed'
Mono path[1] = 'C:/Program Files/Unity/Hub/Editor/2020.2.2f1/Editor/Data/MonoBleedingEdge/lib/mono/unityjit'
Mono config path = 'C:/Program Files/Unity/Hub/Editor/2020.2.2f1/Editor/Data/MonoBleedingEdge/etc'
Using monoOptions --debugger-agent=transport=dt_socket,embedding=1,server=y,suspend=n,address=127.0.0.1:56108
Begin MonoManager ReloadAssembly
Registering precompiled unity dll's ...
Register platform support module: C:/Program Files/Unity/Hub/Editor/2020.2.2f1/Editor/Data/PlaybackEngines/WindowsStandaloneSupport/UnityEditor.WindowsStandalone.Extensions.dll
Registered in 0.002933 seconds.
Native extension for WindowsStandalone target not found
Refreshing native plugins compatible for Editor in 37.08 ms, found 2 plugins.
Preloading 0 native plugins for Editor in 0.00 ms.
Invoked RoslynAnalysisRunner static constructor.
RoslynAnalysisRunner will not be running.
RoslynAnalysisRunner has terminated.
Mono: successfully reloaded assembly
- Completed reload, in  2.248 seconds
Platform modules already initialized, skipping
Registering precompiled user dll's ...
Registered in 0.012255 seconds.
Begin MonoManager ReloadAssembly
Native extension for WindowsStandalone target not found
Refreshing native plugins compatible for Editor in 41.41 ms, found 2 plugins.
Preloading 0 native plugins for Editor in 0.00 ms.
Invoked RoslynAnalysisRunner static constructor.
RoslynAnalysisRunner will not be running.
RoslynAnalysisRunner has terminated.
Mono: successfully reloaded assembly
- Completed reload, in  1.098 seconds
Platform modules already initialized, skipping
========================================================================
Worker process is ready to serve import requests
Launched and connected shader compiler UnityShaderCompiler.exe after 0.36 seconds
Refreshing native plugins compatible for Editor in 0.42 ms, found 2 plugins.
Preloading 0 native plugins for Editor in 0.00 ms.
Unloading 1809 Unused Serialized files (Serialized files now loaded: 0)
System memory in use before: 87.9 MB.
System memory in use after: 87.9 MB.

Unloading 40 unused Assets to reduce memory usage. Loaded Objects now: 2319.
Total: 2.758800 ms (FindLiveObjects: 0.511100 ms CreateObjectMapping: 0.222700 ms MarkObjects: 1.902500 ms  DeleteObjects: 0.119800 ms)

========================================================================
Received Import Request.
  path: Assets/Ani/Player.controller
  artifactKey: Guid(f335da98dc75bb2408995122b646e8b4) Importer(815301076,1909f56bfc062723c751e8b465ee728b)
Start importing Assets/Ani/Player.controller using Guid(f335da98dc75bb2408995122b646e8b4) Importer(815301076,1909f56bfc062723c751e8b465ee728b)  -> (artifact id: '83b9a57e6a8b0b88ff50afdc26041b18') in 0.041120 seconds
  Import took 0.044599 seconds .

========================================================================
Received Import Request.
  Time since last request: 39.517999 seconds.
  path: Assets/Art/Player_Jump
  artifactKey: Guid(3c87702fe040ced4ca2b2e3159992933) Importer(815301076,1909f56bfc062723c751e8b465ee728b)
Start importing Assets/Art/Player_Jump using Guid(3c87702fe040ced4ca2b2e3159992933) Importer(815301076,1909f56bfc062723c751e8b465ee728b)  -> (artifact id: '4e276a4ad2736bc7d52eb16400f85c59') in 0.004349 seconds
  Import took 0.009073 seconds .

========================================================================
Received Import Request.
  Time since last request: 29.113014 seconds.
  path: Assets/Art/Player_Jump/Anim_JUMP_01.png
  artifactKey: Guid(ae1ebbf112bbf1043820d294051a2526) Importer(815301076,1909f56bfc062723c751e8b465ee728b)
Start importing Assets/Art/Player_Jump/Anim_JUMP_01.png using Guid(ae1ebbf112bbf1043820d294051a2526) Importer(815301076,1909f56bfc062723c751e8b465ee728b)  -> (artifact id: 'e27d35da554cefa9f0615f401cc7dab9') in 0.084643 seconds
  Import took 0.087678 seconds .

========================================================================
Received Import Request.
  Time since last request: 0.000296 seconds.
  path: Assets/Art/Player_Jump/Anim_JUMP_07.png
  artifactKey: Guid(47e62ab9ab61a60438b7d4f2d788aafa) Importer(815301076,1909f56bfc062723c751e8b465ee728b)
Start importing Assets/Art/Player_Jump/Anim_JUMP_07.png using Guid(47e62ab9ab61a60438b7d4f2d788aafa) Importer(815301076,1909f56bfc062723c751e8b465ee728b)  -> (artifact id: 'b60a7f1984124c971909f7fa55b903a8') in 0.018436 seconds
  Import took 0.022395 seconds .

========================================================================
Received Import Request.
  Time since last request: 0.000250 seconds.
  path: Assets/Art/Player_Jump/Anim_JUMP_15.png
  artifactKey: Guid(3e60e1b985a688b4fb33ed11f610b070) Importer(815301076,1909f56bfc062723c751e8b465ee728b)
Start importing Assets/Art/Player_Jump/Anim_JUMP_15.png using Guid(3e60e1b985a688b4fb33ed11f610b070) Importer(815301076,1909f56bfc062723c751e8b465ee728b)  -> (artifact id: '6181707c0f9024812ad80138d4030eac') in 0.012770 seconds
  Import took 0.015968 seconds .

========================================================================
Received Import Request.
  Time since last request: 0.000269 seconds.
  path: Assets/Art/Player_Jump/Anim_JUMP_19.png
  artifactKey: Guid(329196d72a091c3468fccbfeafc7149a) Importer(815301076,1909f56bfc062723c751e8b465ee728b)
Start importing Assets/Art/Player_Jump/Anim_JUMP_19.png using Guid(329196d72a091c3468fccbfeafc7149a) Importer(815301076,1909f56bfc062723c751e8b465ee728b)  -> (artifact id: '2cad4fc82262c1901a84de3fa6224298') in 0.015527 seconds
  Import took 0.019563 seconds .

========================================================================
Received Import Request.
  Time since last request: 0.000293 seconds.
  path: Assets/Art/Player_Jump/Anim_JUMP_14.png
  artifactKey: Guid(1506480e3f5fdef48b039351ecccdb23) Importer(815301076,1909f56bfc062723c751e8b465ee728b)
Start importing Assets/Art/Player_Jump/Anim_JUMP_14.png using Guid(1506480e3f5fdef48b039351ecccdb23) Importer(815301076,1909f56bfc062723c751e8b465ee728b)  -> (artifact id: 'e227b2f7b763e52857a15b02bc7fce45') in 0.016405 seconds
  Import took 0.021309 seconds .

========================================================================
Received Import Request.
  Time since last request: 0.000790 seconds.
  path: Assets/Art/Player_Jump/Anim_JUMP_12.png
  artifactKey: Guid(2cf58b0a189ceb646bed7bc69c772556) Importer(815301076,1909f56bfc062723c751e8b465ee728b)
Start importing Assets/Art/Player_Jump/Anim_JUMP_12.png using Guid(2cf58b0a189ceb646bed7bc69c772556) Importer(815301076,1909f56bfc062723c751e8b465ee728b)  -> (artifact id: '4bc460741a989d916123a2bd88775ebe') in 0.012293 seconds
  Import took 0.017312 seconds .

========================================================================
Received Import Request.
  Time since last request: 0.000377 seconds.
  path: Assets/Art/Player_Jump/Anim_JUMP_13.png
  artifactKey: Guid(3cc5c8f94201d1649b301dea005ca340) Importer(815301076,1909f56bfc062723c751e8b465ee728b)
Start importing Assets/Art/Player_Jump/Anim_JUMP_13.png using Guid(3cc5c8f94201d1649b301dea005ca340) Importer(815301076,1909f56bfc062723c751e8b465ee728b)  -> (artifact id: '4f07cb671094c597c9611692af48f531') in 0.016059 seconds
  Import took 0.019469 seconds .

========================================================================
Received Import Request.
  Time since last request: 0.000279 seconds.
  path: Assets/Art/Player_Jump/Anim_JUMP_17.png
  artifactKey: Guid(4cbc5ea8ebc5c22418ab7d50a7e5788a) Importer(815301076,1909f56bfc062723c751e8b465ee728b)
Start importing Assets/Art/Player_Jump/Anim_JUMP_17.png using Guid(4cbc5ea8ebc5c22418ab7d50a7e5788a) Importer(815301076,1909f56bfc062723c751e8b465ee728b)  -> (artifact id: 'ba86f9b022592c6e09acb24637c4ab9a') in 0.012143 seconds
  Import took 0.016252 seconds .

========================================================================
Received Import Request.
  Time since last request: 0.000222 seconds.
  path: Assets/Art/Player_Jump/Anim_JUMP_03.png
  artifactKey: Guid(eb7471547fa2693408c73e5e1ae51baf) Importer(815301076,1909f56bfc062723c751e8b465ee728b)
Start importing Assets/Art/Player_Jump/Anim_JUMP_03.png using Guid(eb7471547fa2693408c73e5e1ae51baf) Importer(815301076,1909f56bfc062723c751e8b465ee728b)  -> (artifact id: 'c57f89405b80a88a8e93aee8eec1336d') in 0.014739 seconds
  Import took 0.019332 seconds .

========================================================================
Received Import Request.
  Time since last request: 0.000458 seconds.
  path: Assets/Art/Player_Jump/Anim_JUMP_04.png
  artifactKey: Guid(6364a66d5b5c12c439ae943507813245) Importer(815301076,1909f56bfc062723c751e8b465ee728b)
Start importing Assets/Art/Player_Jump/Anim_JUMP_04.png using Guid(6364a66d5b5c12c439ae943507813245) Importer(815301076,1909f56bfc062723c751e8b465ee728b)  -> (artifact id: 'fb3d3689751b84ec20d03be07eddad93') in 0.012262 seconds
  Import took 0.016891 seconds .

========================================================================
Received Import Request.
  Time since last request: 0.000278 seconds.
  path: Assets/Art/Player_Jump/Anim_JUMP_05.png
  artifactKey: Guid(3871e5e7ace39134791250041cd27f6e) Importer(815301076,1909f56bfc062723c751e8b465ee728b)
Start importing Assets/Art/Player_Jump/Anim_JUMP_05.png using Guid(3871e5e7ace39134791250041cd27f6e) Importer(815301076,1909f56bfc062723c751e8b465ee728b)  -> (artifact id: '364d9c3db70e50146555c2651e157725') in 0.012651 seconds
  Import took 0.016164 seconds .

========================================================================
Received Import Request.
  Time since last request: 0.000270 seconds.
  path: Assets/Art/Player_Jump/Anim_JUMP_16.png
  artifactKey: Guid(747764dd426eebc418b7f7b2d9d1a6b2) Importer(815301076,1909f56bfc062723c751e8b465ee728b)
Start importing Assets/Art/Player_Jump/Anim_JUMP_16.png using Guid(747764dd426eebc418b7f7b2d9d1a6b2) Importer(815301076,1909f56bfc062723c751e8b465ee728b)  -> (artifact id: '14d70d3934b9b6d8d36116cd4ae51702') in 0.011510 seconds
  Import took 0.015887 seconds .

========================================================================
Received Import Request.
  Time since last request: 0.000341 seconds.
  path: Assets/Art/Player_Jump/Anim_JUMP_18.png
  artifactKey: Guid(64bc679f72027364fa7996206420615c) Importer(815301076,1909f56bfc062723c751e8b465ee728b)
Start importing Assets/Art/Player_Jump/Anim_JUMP_18.png using Guid(64bc679f72027364fa7996206420615c) Importer(815301076,1909f56bfc062723c751e8b465ee728b)  -> (artifact id: '7ba8c716efbccdb17b248dbe93f84b79') in 0.011713 seconds
  Import took 0.015089 seconds .

========================================================================
Received Import Request.
  Time since last request: 0.000226 seconds.
  path: Assets/Art/Player_Jump/Anim_JUMP_02.png
  artifactKey: Guid(6064e82b13431af488fd2309d098cd1a) Importer(815301076,1909f56bfc062723c751e8b465ee728b)
Start importing Assets/Art/Player_Jump/Anim_JUMP_02.png using Guid(6064e82b13431af488fd2309d098cd1a) Importer(815301076,1909f56bfc062723c751e8b465ee728b)  -> (artifact id: '27d90d6a103cf0e6b8500180b8d02d37') in 0.012195 seconds
  Import took 0.015729 seconds .

========================================================================
Received Import Request.
  Time since last request: 0.000267 seconds.
  path: Assets/Art/Player_Jump/Anim_JUMP_06.png
  artifactKey: Guid(5768e4b4c60c9a14195f005a4793367a) Importer(815301076,1909f56bfc062723c751e8b465ee728b)
Start importing Assets/Art/Player_Jump/Anim_JUMP_06.png using Guid(5768e4b4c60c9a14195f005a4793367a) Importer(815301076,1909f56bfc062723c751e8b465ee728b)  -> (artifact id: '33fbc24fa0bab5b584060e080846926e') in 0.012849 seconds
  Import took 0.016297 seconds .

========================================================================
Received Import Request.
  Time since last request: 0.000260 seconds.
  path: Assets/Art/Player_Jump/Anim_JUMP_08.png
  artifactKey: Guid(dad45df13d1bdfb449174ec0671fed67) Importer(815301076,1909f56bfc062723c751e8b465ee728b)
Start importing Assets/Art/Player_Jump/Anim_JUMP_08.png using Guid(dad45df13d1bdfb449174ec0671fed67) Importer(815301076,1909f56bfc062723c751e8b465ee728b)  -> (artifact id: '1a429379d8733c9eb068b33b79499ec6') in 0.012941 seconds
  Import took 0.016400 seconds .

========================================================================
Received Import Request.
  Time since last request: 0.000283 seconds.
  path: Assets/Art/Player_Jump/Anim_JUMP_09.png
  artifactKey: Guid(5e0be9031a6915141ac2220178208a73) Importer(815301076,1909f56bfc062723c751e8b465ee728b)
Start importing Assets/Art/Player_Jump/Anim_JUMP_09.png using Guid(5e0be9031a6915141ac2220178208a73) Importer(815301076,1909f56bfc062723c751e8b465ee728b)  -> (artifact id: '140a21983837349820582ac12d3f2579') in 0.011894 seconds
  Import took 0.014767 seconds .

========================================================================
Received Import Request.
  Time since last request: 0.000248 seconds.
  path: Assets/Art/Player_Jump/Anim_JUMP_10.png
  artifactKey: Guid(6ca7e351e306be64384f57415b37e846) Importer(815301076,1909f56bfc062723c751e8b465ee728b)
Start importing Assets/Art/Player_Jump/Anim_JUMP_10.png using Guid(6ca7e351e306be64384f57415b37e846) Importer(815301076,1909f56bfc062723c751e8b465ee728b)  -> (artifact id: 'e2251964145e8c89a8b37ce89605c4f4') in 0.012131 seconds
  Import took 0.015165 seconds .

========================================================================
Received Import Request.
  Time since last request: 0.000265 seconds.
  path: Assets/Art/Player_Jump/Anim_JUMP_11.png
  artifactKey: Guid(4cd38ac7ea04edb4a8e70a3082ae899b) Importer(815301076,1909f56bfc062723c751e8b465ee728b)
Start importing Assets/Art/Player_Jump/Anim_JUMP_11.png using Guid(4cd38ac7ea04edb4a8e70a3082ae899b) Importer(815301076,1909f56bfc062723c751e8b465ee728b)  -> (artifact id: '349a7995ac2e8e60503c42dddb5779ed') in 0.011756 seconds
  Import took 0.014668 seconds .

========================================================================
Received Import Request.
  Time since last request: 10.767118 seconds.
  path: Assets/Ani/New Animation.anim
  artifactKey: Guid(b8d817aa7251fbd4b8da394576fae8ff) Importer(815301076,1909f56bfc062723c751e8b465ee728b)
Start importing Assets/Ani/New Animation.anim using Guid(b8d817aa7251fbd4b8da394576fae8ff) Importer(815301076,1909f56bfc062723c751e8b465ee728b)  -> (artifact id: 'bfb9aaf9f3ba775b05418b3868005dc7') in 0.005974 seconds
  Import took 0.010833 seconds .

========================================================================
Received Import Request.
  Time since last request: 120.573210 seconds.
  path: Assets/Ani/Anim_JUMP_01.controller
  artifactKey: Guid(f4320c1f69ebf934c84b10a7e734b8ec) Importer(815301076,1909f56bfc062723c751e8b465ee728b)
Start importing Assets/Ani/Anim_JUMP_01.controller using Guid(f4320c1f69ebf934c84b10a7e734b8ec) Importer(815301076,1909f56bfc062723c751e8b465ee728b)  -> (artifact id: '5f2e23a9f81f0b85019283536b23eb08') in 0.003927 seconds
  Import took 0.013760 seconds .

========================================================================
Received Import Request.
  Time since last request: 0.001123 seconds.
  path: Assets/Ani/Anim_JUMP_01.controller
  artifactKey: Guid(f4320c1f69ebf934c84b10a7e734b8ec) Importer(815301076,1909f56bfc062723c751e8b465ee728b)
Start importing Assets/Ani/Anim_JUMP_01.controller using Guid(f4320c1f69ebf934c84b10a7e734b8ec) Importer(815301076,1909f56bfc062723c751e8b465ee728b)  -> (artifact id: '5f2e23a9f81f0b85019283536b23eb08') in 0.003727 seconds
  Import took 0.006576 seconds .

========================================================================
Received Prepare
Registering precompiled user dll's ...
Registered in 0.013697 seconds.
Begin MonoManager ReloadAssembly
Native extension for WindowsStandalone target not found
Refreshing native plugins compatible for Editor in 0.44 ms, found 2 plugins.
Preloading 0 native plugins for Editor in 0.00 ms.
Invoked RoslynAnalysisRunner static constructor.
RoslynAnalysisRunner will not be running.
RoslynAnalysisRunner has terminated.
Mono: successfully reloaded assembly
- Completed reload, in  0.984 seconds
Platform modules already initialized, skipping
Refreshing native plugins compatible for Editor in 0.43 ms, found 2 plugins.
Preloading 0 native plugins for Editor in 0.00 ms.
Unloading 1804 Unused Serialized files (Serialized files now loaded: 0)
System memory in use before: 91.0 MB.
System memory in use after: 91.0 MB.

Unloading 28 unused Assets to reduce memory usage. Loaded Objects now: 2328.
Total: 4.893200 ms (FindLiveObjects: 0.386500 ms CreateObjectMapping: 0.105100 ms MarkObjects: 4.290900 ms  DeleteObjects: 0.109000 ms)

========================================================================
Received Prepare
Registering precompiled user dll's ...
Registered in 0.013915 seconds.
Begin MonoManager ReloadAssembly
Native extension for WindowsStandalone target not found
Refreshing native plugins compatible for Editor in 0.45 ms, found 2 plugins.
Preloading 0 native plugins for Editor in 0.00 ms.
Invoked RoslynAnalysisRunner static constructor.
RoslynAnalysisRunner will not be running.
RoslynAnalysisRunner has terminated.
Mono: successfully reloaded assembly
- Completed reload, in  0.940 seconds
Platform modules already initialized, skipping
Refreshing native plugins compatible for Editor in 0.52 ms, found 2 plugins.
Preloading 0 native plugins for Editor in 0.00 ms.
Unloading 1804 Unused Serialized files (Serialized files now loaded: 0)
System memory in use before: 91.1 MB.
System memory in use after: 91.1 MB.

Unloading 28 unused Assets to reduce memory usage. Loaded Objects now: 2331.
Total: 2.002800 ms (FindLiveObjects: 0.258900 ms CreateObjectMapping: 0.078000 ms MarkObjects: 1.576300 ms  DeleteObjects: 0.088700 ms)

========================================================================
Received Prepare
Registering precompiled user dll's ...
Registered in 0.011501 seconds.
Begin MonoManager ReloadAssembly
Native extension for WindowsStandalone target not found
Refreshing native plugins compatible for Editor in 0.43 ms, found 2 plugins.
Preloading 0 native plugins for Editor in 0.00 ms.
Invoked RoslynAnalysisRunner static constructor.
RoslynAnalysisRunner will not be running.
RoslynAnalysisRunner has terminated.
Mono: successfully reloaded assembly
- Completed reload, in  0.949 seconds
Platform modules already initialized, skipping
Refreshing native plugins compatible for Editor in 0.44 ms, found 2 plugins.
Preloading 0 native plugins for Editor in 0.00 ms.
Unloading 1804 Unused Serialized files (Serialized files now loaded: 0)
System memory in use before: 91.2 MB.
System memory in use after: 91.2 MB.

Unloading 28 unused Assets to reduce memory usage. Loaded Objects now: 2334.
Total: 1.937800 ms (FindLiveObjects: 0.167100 ms CreateObjectMapping: 0.056200 ms MarkObjects: 1.604500 ms  DeleteObjects: 0.108900 ms)

========================================================================
Received Import Request.
  Time since last request: 215.535065 seconds.
  path: Assets/Ani/Player_Jump.anim
  artifactKey: Guid(bb82eed5c1a593842adc7c7a26f12858) Importer(815301076,1909f56bfc062723c751e8b465ee728b)
Start importing Assets/Ani/Player_Jump.anim using Guid(bb82eed5c1a593842adc7c7a26f12858) Importer(815301076,1909f56bfc062723c751e8b465ee728b)  -> (artifact id: '29304eea9c3b2469ba398aae36401e7b') in 0.016783 seconds
  Import took 0.020779 seconds .

========================================================================
Received Import Request.
  Time since last request: 18.236155 seconds.
  path: Assets/Ani/Anim_IDLE_00001.controller
  artifactKey: Guid(c1edce85f7f28124ea455ff72166d3d5) Importer(815301076,1909f56bfc062723c751e8b465ee728b)
Start importing Assets/Ani/Anim_IDLE_00001.controller using Guid(c1edce85f7f28124ea455ff72166d3d5) Importer(815301076,1909f56bfc062723c751e8b465ee728b)  -> (artifact id: '380ca975ecd2aa77b8f0694559135b5f') in 0.007376 seconds
  Import took 0.011515 seconds .

========================================================================
Received Import Request.
  Time since last request: 0.982564 seconds.
  path: Assets/Ani/Ellen_WALK_001.controller
  artifactKey: Guid(874cfc2e5b55aea4a95cebb80a5f28d5) Importer(815301076,1909f56bfc062723c751e8b465ee728b)
Start importing Assets/Ani/Ellen_WALK_001.controller using Guid(874cfc2e5b55aea4a95cebb80a5f28d5) Importer(815301076,1909f56bfc062723c751e8b465ee728b)  -> (artifact id: 'c619041a43f45a2495e859717ce6beb5') in 0.005555 seconds
  Import took 0.008676 seconds .

========================================================================
Received Prepare
Registering precompiled user dll's ...
Registered in 0.012023 seconds.
Begin MonoManager ReloadAssembly
Native extension for WindowsStandalone target not found
Refreshing native plugins compatible for Editor in 0.45 ms, found 2 plugins.
Preloading 0 native plugins for Editor in 0.00 ms.
Invoked RoslynAnalysisRunner static constructor.
RoslynAnalysisRunner will not be running.
RoslynAnalysisRunner has terminated.
Mono: successfully reloaded assembly
- Completed reload, in  0.941 seconds
Platform modules already initialized, skipping
Refreshing native plugins compatible for Editor in 0.51 ms, found 2 plugins.
Preloading 0 native plugins for Editor in 0.00 ms.
Unloading 1804 Unused Serialized files (Serialized files now loaded: 0)
System memory in use before: 91.3 MB.
System memory in use after: 91.3 MB.

Unloading 28 unused Assets to reduce memory usage. Loaded Objects now: 2337.
Total: 4.560700 ms (FindLiveObjects: 0.912500 ms CreateObjectMapping: 0.386800 ms MarkObjects: 3.155900 ms  DeleteObjects: 0.102400 ms)

========================================================================
Received Prepare
Registering precompiled user dll's ...
Registered in 0.011811 seconds.
Begin MonoManager ReloadAssembly
Native extension for WindowsStandalone target not found
Refreshing native plugins compatible for Editor in 0.67 ms, found 2 plugins.
Preloading 0 native plugins for Editor in 0.00 ms.
Invoked RoslynAnalysisRunner static constructor.
RoslynAnalysisRunner will not be running.
RoslynAnalysisRunner has terminated.
Mono: successfully reloaded assembly
- Completed reload, in  1.017 seconds
Platform modules already initialized, skipping
Refreshing native plugins compatible for Editor in 0.43 ms, found 2 plugins.
Preloading 0 native plugins for Editor in 0.00 ms.
Unloading 1804 Unused Serialized files (Serialized files now loaded: 0)
System memory in use before: 91.4 MB.
System memory in use after: 91.4 MB.

Unloading 28 unused Assets to reduce memory usage. Loaded Objects now: 2340.
Total: 2.474200 ms (FindLiveObjects: 0.495200 ms CreateObjectMapping: 0.087100 ms MarkObjects: 1.793000 ms  DeleteObjects: 0.097100 ms)

========================================================================
Received Import Request.
  Time since last request: 383.859872 seconds.
  path: Assets/Ani/Player_Idle.anim
  artifactKey: Guid(c79f03ef5a166734e8e05b3ebaf17be2) Importer(815301076,1909f56bfc062723c751e8b465ee728b)
Start importing Assets/Ani/Player_Idle.anim using Guid(c79f03ef5a166734e8e05b3ebaf17be2) Importer(815301076,1909f56bfc062723c751e8b465ee728b)  -> (artifact id: '84e11578563802de873aa444db16b4af') in 0.018742 seconds
  Import took 0.022513 seconds .

========================================================================
Received Import Request.
  Time since last request: 0.001509 seconds.
  path: Assets/Ani/Player_Idle.anim
  artifactKey: Guid(c79f03ef5a166734e8e05b3ebaf17be2) Importer(815301076,1909f56bfc062723c751e8b465ee728b)
Start importing Assets/Ani/Player_Idle.anim using Guid(c79f03ef5a166734e8e05b3ebaf17be2) Importer(815301076,1909f56bfc062723c751e8b465ee728b)  -> (artifact id: '84e11578563802de873aa444db16b4af') in 0.004230 seconds
  Import took 0.007100 seconds .

========================================================================
Received Import Request.
  Time since last request: 1.964438 seconds.
  path: Assets/Ani/Player_Walk.anim
  artifactKey: Guid(b33b2542328546342a29592d5cfc35f9) Importer(815301076,1909f56bfc062723c751e8b465ee728b)
Start importing Assets/Ani/Player_Walk.anim using Guid(b33b2542328546342a29592d5cfc35f9) Importer(815301076,1909f56bfc062723c751e8b465ee728b)  -> (artifact id: 'd7b8a9b9dbd0b66e18f7e97cfd2918a7') in 0.004413 seconds
  Import took 0.013151 seconds .

========================================================================
Received Prepare
Registering precompiled user dll's ...
Registered in 0.013608 seconds.
Begin MonoManager ReloadAssembly
Native extension for WindowsStandalone target not found
Refreshing native plugins compatible for Editor in 0.44 ms, found 2 plugins.
Preloading 0 native plugins for Editor in 0.00 ms.
Invoked RoslynAnalysisRunner static constructor.
RoslynAnalysisRunner will not be running.
RoslynAnalysisRunner has terminated.
Mono: successfully reloaded assembly
- Completed reload, in  0.941 seconds
Platform modules already initialized, skipping
Refreshing native plugins compatible for Editor in 0.43 ms, found 2 plugins.
Preloading 0 native plugins for Editor in 0.00 ms.
Unloading 1804 Unused Serialized files (Serialized files now loaded: 0)
System memory in use before: 91.5 MB.
System memory in use after: 91.5 MB.

Unloading 28 unused Assets to reduce memory usage. Loaded Objects now: 2343.
Total: 5.187500 ms (FindLiveObjects: 0.386100 ms CreateObjectMapping: 0.169000 ms MarkObjects: 4.260700 ms  DeleteObjects: 0.368600 ms)

========================================================================
Received Import Request.
  Time since last request: 191.781872 seconds.
  path: ProjectSettings/TagManager.asset
  artifactKey: Guid(00000000000000003000000000000000) Importer(815301076,1909f56bfc062723c751e8b465ee728b)
Start importing ProjectSettings/TagManager.asset using Guid(00000000000000003000000000000000) Importer(815301076,1909f56bfc062723c751e8b465ee728b)  -> (artifact id: 'e8c3ab6b558fa7fe7c42e9a55a892947') in 0.015201 seconds
  Import took 0.019138 seconds .

========================================================================
Received Prepare
Registering precompiled user dll's ...
Registered in 0.011552 seconds.
Begin MonoManager ReloadAssembly
Native extension for WindowsStandalone target not found
Refreshing native plugins compatible for Editor in 0.44 ms, found 2 plugins.
Preloading 0 native plugins for Editor in 0.00 ms.
Invoked RoslynAnalysisRunner static constructor.
RoslynAnalysisRunner will not be running.
RoslynAnalysisRunner has terminated.
Mono: successfully reloaded assembly
- Completed reload, in  0.990 seconds
Platform modules already initialized, skipping
Refreshing native plugins compatible for Editor in 0.44 ms, found 2 plugins.
Preloading 0 native plugins for Editor in 0.00 ms.
Unloading 1804 Unused Serialized files (Serialized files now loaded: 0)
System memory in use before: 91.6 MB.
System memory in use after: 91.6 MB.

Unloading 29 unused Assets to reduce memory usage. Loaded Objects now: 2346.
Total: 7.723500 ms (FindLiveObjects: 0.789000 ms CreateObjectMapping: 0.382000 ms MarkObjects: 6.186100 ms  DeleteObjects: 0.362800 ms)

========================================================================
Received Prepare
Registering precompiled user dll's ...
Registered in 0.011327 seconds.
Begin MonoManager ReloadAssembly
Native extension for WindowsStandalone target not found
Refreshing native plugins compatible for Editor in 0.48 ms, found 2 plugins.
Preloading 0 native plugins for Editor in 0.00 ms.
Invoked RoslynAnalysisRunner static constructor.
RoslynAnalysisRunner will not be running.
RoslynAnalysisRunner has terminated.
Mono: successfully reloaded assembly
- Completed reload, in  1.013 seconds
Platform modules already initialized, skipping
Refreshing native plugins compatible for Editor in 0.60 ms, found 2 plugins.
Preloading 0 native plugins for Editor in 0.00 ms.
Unloading 1804 Unused Serialized files (Serialized files now loaded: 0)
System memory in use before: 91.6 MB.
System memory in use after: 91.6 MB.

Unloading 28 unused Assets to reduce memory usage. Loaded Objects now: 2349.
Total: 2.350900 ms (FindLiveObjects: 0.339000 ms CreateObjectMapping: 0.109800 ms MarkObjects: 1.791700 ms  DeleteObjects: 0.108800 ms)

========================================================================
Received Import Request.
  Time since last request: 2202.910437 seconds.
  path: Assets/Art/Bullet.png
  artifactKey: Guid(45ac1c8111753ff4495fc8592d08597c) Importer(815301076,1909f56bfc062723c751e8b465ee728b)
Start importing Assets/Art/Bullet.png using Guid(45ac1c8111753ff4495fc8592d08597c) Importer(815301076,1909f56bfc062723c751e8b465ee728b)  -> (artifact id: '00b03c1f56aa7863ae17831f1b5f1260') in 0.063330 seconds
  Import took 0.067645 seconds .

========================================================================
Received Import Request.
  Time since last request: 295.708762 seconds.
  path: Assets/frefebs
  artifactKey: Guid(6457f868d811c614aa1a21b817075a3e) Importer(815301076,1909f56bfc062723c751e8b465ee728b)
Start importing Assets/frefebs using Guid(6457f868d811c614aa1a21b817075a3e) Importer(815301076,1909f56bfc062723c751e8b465ee728b)  -> (artifact id: '1c2f840b10244f7b2c6b629edcc1c09f') in 0.007006 seconds
  Import took 0.010966 seconds .

========================================================================
Received Import Request.
  Time since last request: 5.162497 seconds.
  path: Assets/Prefebs
  artifactKey: Guid(6457f868d811c614aa1a21b817075a3e) Importer(815301076,1909f56bfc062723c751e8b465ee728b)
Start importing Assets/Prefebs using Guid(6457f868d811c614aa1a21b817075a3e) Importer(815301076,1909f56bfc062723c751e8b465ee728b)  -> (artifact id: 'a4be30e2b535b7686ac5eca7486c2789') in 0.004415 seconds
  Import took 0.008409 seconds .

========================================================================
Received Import Request.
  Time since last request: 6.002840 seconds.
  path: Assets/Prefabs
  artifactKey: Guid(6457f868d811c614aa1a21b817075a3e) Importer(815301076,1909f56bfc062723c751e8b465ee728b)
Start importing Assets/Prefabs using Guid(6457f868d811c614aa1a21b817075a3e) Importer(815301076,1909f56bfc062723c751e8b465ee728b)  -> (artifact id: 'f6ec8945bc7ad1c2234d5cda7f721605') in 0.004748 seconds
  Import took 0.014037 seconds .

========================================================================
Received Import Request.
  Time since last request: 4.975694 seconds.
  path: Assets/Prefabs/Bullet.prefab
  artifactKey: Guid(4969e932f02463a488692f6e3d939fa4) Importer(815301076,1909f56bfc062723c751e8b465ee728b)
Start importing Assets/Prefabs/Bullet.prefab using Guid(4969e932f02463a488692f6e3d939fa4) Importer(815301076,1909f56bfc062723c751e8b465ee728b)  -> (artifact id: 'a5545579beada3385fe66fdd1892b363') in 0.040701 seconds
  Import took 0.047027 seconds .

========================================================================
Received Import Request.
  Time since last request: 925.094449 seconds.
  path: Assets/Prefabs/Bullet.prefab
  artifactKey: Guid(4969e932f02463a488692f6e3d939fa4) Importer(815301076,1909f56bfc062723c751e8b465ee728b)
Start importing Assets/Prefabs/Bullet.prefab using Guid(4969e932f02463a488692f6e3d939fa4) Importer(815301076,1909f56bfc062723c751e8b465ee728b)  -> (artifact id: 'fc5124d1ed977865c8da74c9548ef536') in 0.223130 seconds
  Import took 0.232037 seconds .

========================================================================
Received Prepare
Registering precompiled user dll's ...
Registered in 0.010089 seconds.
Begin MonoManager ReloadAssembly
Native extension for WindowsStandalone target not found
Refreshing native plugins compatible for Editor in 1.51 ms, found 2 plugins.
Preloading 0 native plugins for Editor in 0.00 ms.
Invoked RoslynAnalysisRunner static constructor.
RoslynAnalysisRunner will not be running.
RoslynAnalysisRunner has terminated.
Mono: successfully reloaded assembly
- Completed reload, in  1.035 seconds
Platform modules already initialized, skipping
Refreshing native plugins compatible for Editor in 0.45 ms, found 2 plugins.
Preloading 0 native plugins for Editor in 0.00 ms.
Unloading 1804 Unused Serialized files (Serialized files now loaded: 0)
System memory in use before: 91.7 MB.
System memory in use after: 91.7 MB.

Unloading 28 unused Assets to reduce memory usage. Loaded Objects now: 2359.
Total: 2.026900 ms (FindLiveObjects: 0.205000 ms CreateObjectMapping: 0.068700 ms MarkObjects: 1.655900 ms  DeleteObjects: 0.096400 ms)

========================================================================
Received Prepare
Registering precompiled user dll's ...
Registered in 0.010626 seconds.
Begin MonoManager ReloadAssembly
Native extension for WindowsStandalone target not found
Refreshing native plugins compatible for Editor in 1.34 ms, found 2 plugins.
Preloading 0 native plugins for Editor in 0.00 ms.
Invoked RoslynAnalysisRunner static constructor.
RoslynAnalysisRunner will not be running.
RoslynAnalysisRunner has terminated.
Mono: successfully reloaded assembly
- Completed reload, in  1.009 seconds
Platform modules already initialized, skipping
Refreshing native plugins compatible for Editor in 0.44 ms, found 2 plugins.
Preloading 0 native plugins for Editor in 0.00 ms.
Unloading 1804 Unused Serialized files (Serialized files now loaded: 0)
System memory in use before: 91.8 MB.
System memory in use after: 91.8 MB.

Unloading 28 unused Assets to reduce memory usage. Loaded Objects now: 2362.
Total: 2.286100 ms (FindLiveObjects: 0.297800 ms CreateObjectMapping: 0.119900 ms MarkObjects: 1.765000 ms  DeleteObjects: 0.102200 ms)

========================================================================
Received Import Request.
  Time since last request: 148.018545 seconds.
  path: Assets/Prefabs/Bullet.prefab
  artifactKey: Guid(4969e932f02463a488692f6e3d939fa4) Importer(815301076,1909f56bfc062723c751e8b465ee728b)
Start importing Assets/Prefabs/Bullet.prefab using Guid(4969e932f02463a488692f6e3d939fa4) Importer(815301076,1909f56bfc062723c751e8b465ee728b)  -> (artifact id: 'faa43a873d6a44095d2bbf995e1b94b3') in 0.238548 seconds
  Import took 0.242882 seconds .

========================================================================
Received Prepare
Registering precompiled user dll's ...
Registered in 0.010188 seconds.
Begin MonoManager ReloadAssembly
Native extension for WindowsStandalone target not found
Refreshing native plugins compatible for Editor in 0.44 ms, found 2 plugins.
Preloading 0 native plugins for Editor in 0.00 ms.
Invoked RoslynAnalysisRunner static constructor.
RoslynAnalysisRunner will not be running.
RoslynAnalysisRunner has terminated.
Mono: successfully reloaded assembly
- Completed reload, in  0.947 seconds
Platform modules already initialized, skipping
Refreshing native plugins compatible for Editor in 0.62 ms, found 2 plugins.
Preloading 0 native plugins for Editor in 0.00 ms.
Unloading 1804 Unused Serialized files (Serialized files now loaded: 0)
System memory in use before: 91.9 MB.
System memory in use after: 91.9 MB.

Unloading 28 unused Assets to reduce memory usage. Loaded Objects now: 2366.
Total: 2.332500 ms (FindLiveObjects: 0.206700 ms CreateObjectMapping: 0.071300 ms MarkObjects: 1.931600 ms  DeleteObjects: 0.121900 ms)

========================================================================
Received Prepare
Registering precompiled user dll's ...
Registered in 0.015286 seconds.
Begin MonoManager ReloadAssembly
Native extension for WindowsStandalone target not found
Refreshing native plugins compatible for Editor in 0.45 ms, found 2 plugins.
Preloading 0 native plugins for Editor in 0.00 ms.
Invoked RoslynAnalysisRunner static constructor.
RoslynAnalysisRunner will not be running.
RoslynAnalysisRunner has terminated.
Mono: successfully reloaded assembly
- Completed reload, in  1.027 seconds
Platform modules already initialized, skipping
Refreshing native plugins compatible for Editor in 0.47 ms, found 2 plugins.
Preloading 0 native plugins for Editor in 0.00 ms.
Unloading 1804 Unused Serialized files (Serialized files now loaded: 0)
System memory in use before: 91.9 MB.
System memory in use after: 91.9 MB.

Unloading 28 unused Assets to reduce memory usage. Loaded Objects now: 2369.
Total: 3.718800 ms (FindLiveObjects: 0.445600 ms CreateObjectMapping: 0.161600 ms MarkObjects: 2.930500 ms  DeleteObjects: 0.178400 ms)

========================================================================
Received Import Request.
  Time since last request: 861.953156 seconds.
  path: Assets/Prefabs/Bullet.prefab
  artifactKey: Guid(4969e932f02463a488692f6e3d939fa4) Importer(815301076,1909f56bfc062723c751e8b465ee728b)
Start importing Assets/Prefabs/Bullet.prefab using Guid(4969e932f02463a488692f6e3d939fa4) Importer(815301076,1909f56bfc062723c751e8b465ee728b)  -> (artifact id: 'ff438d38705a50c8fdf4edcad9017415') in 0.242011 seconds
  Import took 0.245472 seconds .

========================================================================
Received Prepare
Registering precompiled user dll's ...
Registered in 0.010027 seconds.
Begin MonoManager ReloadAssembly
Native extension for WindowsStandalone target not found
Refreshing native plugins compatible for Editor in 0.44 ms, found 2 plugins.
Preloading 0 native plugins for Editor in 0.00 ms.
Invoked RoslynAnalysisRunner static constructor.
RoslynAnalysisRunner will not be running.
RoslynAnalysisRunner has terminated.
Mono: successfully reloaded assembly
- Completed reload, in  0.979 seconds
Platform modules already initialized, skipping
Refreshing native plugins compatible for Editor in 0.51 ms, found 2 plugins.
Preloading 0 native plugins for Editor in 0.00 ms.
Unloading 1804 Unused Serialized files (Serialized files now loaded: 0)
System memory in use before: 92.0 MB.
System memory in use after: 92.0 MB.

Unloading 28 unused Assets to reduce memory usage. Loaded Objects now: 2373.
Total: 2.046000 ms (FindLiveObjects: 0.239800 ms CreateObjectMapping: 0.065100 ms MarkObjects: 1.641200 ms  DeleteObjects: 0.099000 ms)

========================================================================
Received Prepare
Registering precompiled user dll's ...
Registered in 0.010492 seconds.
Begin MonoManager ReloadAssembly
Native extension for WindowsStandalone target not found
Refreshing native plugins compatible for Editor in 0.50 ms, found 2 plugins.
Preloading 0 native plugins for Editor in 0.00 ms.
Invoked RoslynAnalysisRunner static constructor.
RoslynAnalysisRunner will not be running.
RoslynAnalysisRunner has terminated.
Mono: successfully reloaded assembly
- Completed reload, in  0.990 seconds
Platform modules already initialized, skipping
Refreshing native plugins compatible for Editor in 0.44 ms, found 2 plugins.
Preloading 0 native plugins for Editor in 0.00 ms.
Unloading 1804 Unused Serialized files (Serialized files now loaded: 0)
System memory in use before: 92.1 MB.
System memory in use after: 92.1 MB.

Unloading 28 unused Assets to reduce memory usage. Loaded Objects now: 2376.
Total: 6.155800 ms (FindLiveObjects: 0.748000 ms CreateObjectMapping: 0.168900 ms MarkObjects: 4.709900 ms  DeleteObjects: 0.526600 ms)

========================================================================
Received Prepare
Registering precompiled user dll's ...
Registered in 0.010934 seconds.
Begin MonoManager ReloadAssembly
Native extension for WindowsStandalone target not found
Refreshing native plugins compatible for Editor in 0.55 ms, found 2 plugins.
Preloading 0 native plugins for Editor in 0.00 ms.
Invoked RoslynAnalysisRunner static constructor.
RoslynAnalysisRunner will not be running.
RoslynAnalysisRunner has terminated.
Mono: successfully reloaded assembly
- Completed reload, in  0.988 seconds
Platform modules already initialized, skipping
Refreshing native plugins compatible for Editor in 0.44 ms, found 2 plugins.
Preloading 0 native plugins for Editor in 0.00 ms.
Unloading 1804 Unused Serialized files (Serialized files now loaded: 0)
System memory in use before: 92.1 MB.
System memory in use after: 92.1 MB.

Unloading 28 unused Assets to reduce memory usage. Loaded Objects now: 2379.
Total: 2.202200 ms (FindLiveObjects: 0.200800 ms CreateObjectMapping: 0.072600 ms MarkObjects: 1.788100 ms  DeleteObjects: 0.139600 ms)

========================================================================
Received Prepare
Registering precompiled user dll's ...
Registered in 0.011740 seconds.
Begin MonoManager ReloadAssembly
Native extension for WindowsStandalone target not found
Refreshing native plugins compatible for Editor in 0.43 ms, found 2 plugins.
Preloading 0 native plugins for Editor in 0.00 ms.
Invoked RoslynAnalysisRunner static constructor.
RoslynAnalysisRunner will not be running.
RoslynAnalysisRunner has terminated.
Mono: successfully reloaded assembly
- Completed reload, in  0.949 seconds
Platform modules already initialized, skipping
Refreshing native plugins compatible for Editor in 0.44 ms, found 2 plugins.
Preloading 0 native plugins for Editor in 0.00 ms.
Unloading 1804 Unused Serialized files (Serialized files now loaded: 0)
System memory in use before: 92.2 MB.
System memory in use after: 92.2 MB.

Unloading 28 unused Assets to reduce memory usage. Loaded Objects now: 2382.
Total: 2.173600 ms (FindLiveObjects: 0.341300 ms CreateObjectMapping: 0.090100 ms MarkObjects: 1.642000 ms  DeleteObjects: 0.098900 ms)

AssetImportWorkerClient::OnTransportError - code=2 error=End of file
